{"C:\\Users\\USER\\Downloads\\Peravest\\src\\services\\ajoAtomicTransactionManager.ts": {"path":"C:\\Users\\USER\\Downloads\\Peravest\\src\\services\\ajoAtomicTransactionManager.ts","statementMap":{"0":{"start":{"line":1,"column":0},"end":{"line":1,"column":43}},"1":{"start":{"line":4,"column":0},"end":{"line":4,"column":null}},"2":{"start":{"line":5,"column":2},"end":{"line":5,"column":null}},"3":{"start":{"line":6,"column":2},"end":{"line":6,"column":null}},"4":{"start":{"line":7,"column":2},"end":{"line":7,"column":null}},"5":{"start":{"line":8,"column":2},"end":{"line":8,"column":null}},"6":{"start":{"line":9,"column":2},"end":{"line":9,"column":null}},"7":{"start":{"line":10,"column":2},"end":{"line":10,"column":null}},"8":{"start":{"line":14,"column":0},"end":{"line":14,"column":13}},"9":{"start":{"line":17,"column":15},"end":{"line":49,"column":null}},"10":{"start":{"line":23,"column":10},"end":{"line":23,"column":28}},"11":{"start":{"line":27,"column":30},"end":{"line":29,"column":null}},"12":{"start":{"line":27,"column":12},"end":{"line":27,"column":30}},"13":{"start":{"line":31,"column":6},"end":{"line":31,"column":29}},"14":{"start":{"line":31,"column":17},"end":{"line":31,"column":29}},"15":{"start":{"line":33,"column":6},"end":{"line":37,"column":8}},"16":{"start":{"line":41,"column":6},"end":{"line":41,"column":40}},"17":{"start":{"line":43,"column":6},"end":{"line":47,"column":8}},"18":{"start":{"line":52,"column":15},"end":{"line":97,"column":null}},"19":{"start":{"line":59,"column":28},"end":{"line":66,"column":null}},"20":{"start":{"line":59,"column":18},"end":{"line":59,"column":28}},"21":{"start":{"line":68,"column":4},"end":{"line":68,"column":51}},"22":{"start":{"line":68,"column":16},"end":{"line":68,"column":51}},"23":{"start":{"line":71,"column":30},"end":{"line":75,"column":null}},"24":{"start":{"line":71,"column":18},"end":{"line":71,"column":30}},"25":{"start":{"line":78,"column":36},"end":{"line":83,"column":null}},"26":{"start":{"line":78,"column":18},"end":{"line":78,"column":36}},"27":{"start":{"line":85,"column":10},"end":{"line":85,"column":81}},"28":{"start":{"line":85,"column":63},"end":{"line":85,"column":73}},"29":{"start":{"line":86,"column":10},"end":{"line":86,"column":116}},"30":{"start":{"line":86,"column":54},"end":{"line":86,"column":90}},"31":{"start":{"line":86,"column":99},"end":{"line":86,"column":109}},"32":{"start":{"line":88,"column":10},"end":{"line":88,"column":92}},"33":{"start":{"line":88,"column":60},"end":{"line":88,"column":84}},"34":{"start":{"line":89,"column":10},"end":{"line":89,"column":95}},"35":{"start":{"line":91,"column":4},"end":{"line":96,"column":6}},"36":{"start":{"line":100,"column":15},"end":{"line":132,"column":null}},"37":{"start":{"line":101,"column":22},"end":{"line":105,"column":null}},"38":{"start":{"line":101,"column":12},"end":{"line":101,"column":22}},"39":{"start":{"line":107,"column":4},"end":{"line":107,"column":27}},"40":{"start":{"line":107,"column":15},"end":{"line":107,"column":27}},"41":{"start":{"line":110,"column":28},"end":{"line":114,"column":null}},"42":{"start":{"line":110,"column":18},"end":{"line":110,"column":28}},"43":{"start":{"line":116,"column":8},"end":{"line":116,"column":13}},"44":{"start":{"line":117,"column":12},"end":{"line":117,"column":35}},"45":{"start":{"line":118,"column":6},"end":{"line":118,"column":51}},"46":{"start":{"line":120,"column":6},"end":{"line":128,"column":12}},"47":{"start":{"line":131,"column":4},"end":{"line":131,"column":29}},"48":{"start":{"line":135,"column":15},"end":{"line":146,"column":null}},"49":{"start":{"line":140,"column":28},"end":{"line":142,"column":null}},"50":{"start":{"line":140,"column":10},"end":{"line":140,"column":28}},"51":{"start":{"line":144,"column":4},"end":{"line":144,"column":27}},"52":{"start":{"line":144,"column":15},"end":{"line":144,"column":27}},"53":{"start":{"line":145,"column":4},"end":{"line":145,"column":16}},"54":{"start":{"line":149,"column":15},"end":{"line":178,"column":null}},"55":{"start":{"line":151,"column":28},"end":{"line":155,"column":null}},"56":{"start":{"line":151,"column":18},"end":{"line":151,"column":28}},"57":{"start":{"line":157,"column":4},"end":{"line":157,"column":51}},"58":{"start":{"line":157,"column":16},"end":{"line":157,"column":51}},"59":{"start":{"line":159,"column":10},"end":{"line":159,"column":46}},"60":{"start":{"line":162,"column":8},"end":{"line":162,"column":17}},"61":{"start":{"line":163,"column":6},"end":{"line":166,"column":27}},"62":{"start":{"line":168,"column":6},"end":{"line":168,"column":31}},"63":{"start":{"line":172,"column":4},"end":{"line":175,"column":25}},"64":{"start":{"line":177,"column":4},"end":{"line":177,"column":29}},"65":{"start":{"line":181,"column":15},"end":{"line":208,"column":null}},"66":{"start":{"line":184,"column":6},"end":{"line":187,"column":27}},"67":{"start":{"line":190,"column":6},"end":{"line":194,"column":33}},"68":{"start":{"line":197,"column":6},"end":{"line":201,"column":33}},"69":{"start":{"line":203,"column":6},"end":{"line":203,"column":31}},"70":{"start":{"line":205,"column":6},"end":{"line":205,"column":47}},"71":{"start":{"line":206,"column":6},"end":{"line":206,"column":32}},"72":{"start":{"line":211,"column":15},"end":{"line":214,"column":null}},"73":{"start":{"line":212,"column":21},"end":{"line":212,"column":null}},"74":{"start":{"line":212,"column":12},"end":{"line":212,"column":21}},"75":{"start":{"line":213,"column":4},"end":{"line":213,"column":57}},"76":{"start":{"line":217,"column":15},"end":{"line":237,"column":null}},"77":{"start":{"line":223,"column":34},"end":{"line":227,"column":null}},"78":{"start":{"line":223,"column":18},"end":{"line":223,"column":34}},"79":{"start":{"line":229,"column":4},"end":{"line":229,"column":63}},"80":{"start":{"line":229,"column":22},"end":{"line":229,"column":63}},"81":{"start":{"line":231,"column":4},"end":{"line":236,"column":6}},"82":{"start":{"line":238,"column":0},"end":{"line":238,"column":null}},"83":{"start":{"line":14,"column":13},"end":{"line":14,"column":40}}},"fnMap":{"0":{"name":"(anonymous_13)","decl":{"start":{"line":4,"column":0},"end":{"line":4,"column":12}},"loc":{"start":{"line":4,"column":28},"end":{"line":11,"column":1}}},"1":{"name":"(anonymous_14)","decl":{"start":{"line":14,"column":0},"end":{"line":14,"column":13}},"loc":{"start":{"line":14,"column":0},"end":{"line":238,"column":1}}},"2":{"name":"(anonymous_16)","decl":{"start":{"line":17,"column":2},"end":{"line":17,"column":15}},"loc":{"start":{"line":17,"column":49},"end":{"line":49,"column":null}}},"3":{"name":"(anonymous_19)","decl":{"start":{"line":52,"column":2},"end":{"line":52,"column":15}},"loc":{"start":{"line":52,"column":55},"end":{"line":97,"column":null}}},"4":{"name":"(anonymous_22)","decl":{"start":{"line":85,"column":58},"end":{"line":85,"column":59}},"loc":{"start":{"line":85,"column":59},"end":{"line":85,"column":64}}},"5":{"name":"(anonymous_23)","decl":{"start":{"line":86,"column":49},"end":{"line":86,"column":50}},"loc":{"start":{"line":86,"column":50},"end":{"line":86,"column":55}}},"6":{"name":"(anonymous_24)","decl":{"start":{"line":86,"column":94},"end":{"line":86,"column":95}},"loc":{"start":{"line":86,"column":95},"end":{"line":86,"column":100}}},"7":{"name":"(anonymous_25)","decl":{"start":{"line":88,"column":48},"end":{"line":88,"column":49}},"loc":{"start":{"line":88,"column":55},"end":{"line":88,"column":63}}},"8":{"name":"(anonymous_26)","decl":{"start":{"line":100,"column":2},"end":{"line":100,"column":15}},"loc":{"start":{"line":100,"column":43},"end":{"line":132,"column":null}}},"9":{"name":"(anonymous_29)","decl":{"start":{"line":135,"column":2},"end":{"line":135,"column":15}},"loc":{"start":{"line":135,"column":47},"end":{"line":146,"column":null}}},"10":{"name":"(anonymous_32)","decl":{"start":{"line":149,"column":2},"end":{"line":149,"column":15}},"loc":{"start":{"line":149,"column":52},"end":{"line":178,"column":null}}},"11":{"name":"(anonymous_35)","decl":{"start":{"line":181,"column":2},"end":{"line":181,"column":15}},"loc":{"start":{"line":181,"column":44},"end":{"line":208,"column":null}}},"12":{"name":"(anonymous_38)","decl":{"start":{"line":211,"column":2},"end":{"line":211,"column":15}},"loc":{"start":{"line":211,"column":2},"end":{"line":214,"column":null}}},"13":{"name":"(anonymous_41)","decl":{"start":{"line":217,"column":2},"end":{"line":217,"column":15}},"loc":{"start":{"line":217,"column":57},"end":{"line":237,"column":null}}}},"branchMap":{"0":{"loc":{"start":{"line":4,"column":12},"end":{"line":4,"column":null}},"type":"binary-expr","locations":[{"start":{"line":4,"column":12},"end":{"line":4,"column":28}},{"start":{"line":4,"column":28},"end":{"line":4,"column":null}}]},"1":{"loc":{"start":{"line":31,"column":6},"end":{"line":31,"column":29}},"type":"if","locations":[{"start":{"line":31,"column":6},"end":{"line":31,"column":29}},{"start":{},"end":{}}]},"2":{"loc":{"start":{"line":59,"column":28},"end":{"line":66,"column":null}},"type":"switch","locations":[{"start":{"line":59,"column":28},"end":{"line":66,"column":null}}]},"3":{"loc":{"start":{"line":68,"column":4},"end":{"line":68,"column":51}},"type":"if","locations":[{"start":{"line":68,"column":4},"end":{"line":68,"column":51}},{"start":{},"end":{}}]},"4":{"loc":{"start":{"line":85,"column":39},"end":{"line":85,"column":79}},"type":"binary-expr","locations":[{"start":{"line":85,"column":39},"end":{"line":85,"column":73}},{"start":{"line":85,"column":77},"end":{"line":85,"column":79}}]},"5":{"loc":{"start":{"line":85,"column":39},"end":{"line":85,"column":73}},"type":"cond-expr","locations":[{"start":{"line":85,"column":52},"end":{"line":85,"column":54}},{"start":{"line":85,"column":39},"end":{"line":85,"column":73}}]},"6":{"loc":{"start":{"line":85,"column":39},"end":{"line":85,"column":54}},"type":"binary-expr","locations":[{"start":{"line":85,"column":39},"end":{"line":85,"column":54}},{"start":{"line":85,"column":39},"end":{"line":85,"column":54}}]},"7":{"loc":{"start":{"line":86,"column":33},"end":{"line":86,"column":115}},"type":"binary-expr","locations":[{"start":{"line":86,"column":33},"end":{"line":86,"column":109}},{"start":{"line":86,"column":113},"end":{"line":86,"column":115}}]},"8":{"loc":{"start":{"line":86,"column":33},"end":{"line":86,"column":109}},"type":"cond-expr","locations":[{"start":{"line":86,"column":40},"end":{"line":86,"column":42}},{"start":{"line":86,"column":33},"end":{"line":86,"column":109}}]},"9":{"loc":{"start":{"line":86,"column":33},"end":{"line":86,"column":42}},"type":"binary-expr","locations":[{"start":{"line":86,"column":33},"end":{"line":86,"column":42}},{"start":{"line":86,"column":33},"end":{"line":86,"column":42}}]},"10":{"loc":{"start":{"line":88,"column":26},"end":{"line":88,"column":91}},"type":"binary-expr","locations":[{"start":{"line":88,"column":26},"end":{"line":88,"column":86}},{"start":{"line":88,"column":90},"end":{"line":88,"column":91}}]},"11":{"loc":{"start":{"line":88,"column":26},"end":{"line":88,"column":86}},"type":"cond-expr","locations":[{"start":{"line":88,"column":39},"end":{"line":88,"column":41}},{"start":{"line":88,"column":26},"end":{"line":88,"column":86}}]},"12":{"loc":{"start":{"line":88,"column":26},"end":{"line":88,"column":41}},"type":"binary-expr","locations":[{"start":{"line":88,"column":26},"end":{"line":88,"column":41}},{"start":{"line":88,"column":26},"end":{"line":88,"column":41}}]},"13":{"loc":{"start":{"line":92,"column":13},"end":{"line":92,"column":81}},"type":"binary-expr","locations":[{"start":{"line":92,"column":13},"end":{"line":92,"column":46}},{"start":{"line":92,"column":50},"end":{"line":92,"column":81}}]},"14":{"loc":{"start":{"line":101,"column":22},"end":{"line":105,"column":null}},"type":"switch","locations":[{"start":{"line":101,"column":22},"end":{"line":105,"column":null}},{"start":{"line":131,"column":4},"end":{"line":131,"column":29}}]},"15":{"loc":{"start":{"line":107,"column":4},"end":{"line":107,"column":27}},"type":"if","locations":[{"start":{"line":107,"column":4},"end":{"line":107,"column":27}},{"start":{},"end":{}}]},"16":{"loc":{"start":{"line":116,"column":8},"end":{"line":116,"column":13}},"type":"if","locations":[{"start":{"line":116,"column":8},"end":{"line":116,"column":13}},{"start":{},"end":{}}]},"17":{"loc":{"start":{"line":140,"column":28},"end":{"line":142,"column":null}},"type":"switch","locations":[{"start":{"line":140,"column":28},"end":{"line":142,"column":null}}]},"18":{"loc":{"start":{"line":144,"column":4},"end":{"line":144,"column":27}},"type":"if","locations":[{"start":{"line":144,"column":4},"end":{"line":144,"column":27}},{"start":{},"end":{}}]},"19":{"loc":{"start":{"line":151,"column":28},"end":{"line":155,"column":null}},"type":"switch","locations":[{"start":{"line":151,"column":28},"end":{"line":155,"column":null}}]},"20":{"loc":{"start":{"line":157,"column":4},"end":{"line":157,"column":51}},"type":"if","locations":[{"start":{"line":157,"column":4},"end":{"line":157,"column":51}},{"start":{},"end":{}}]},"21":{"loc":{"start":{"line":162,"column":8},"end":{"line":162,"column":17}},"type":"if","locations":[{"start":{"line":162,"column":8},"end":{"line":162,"column":17}},{"start":{},"end":{}}]},"22":{"loc":{"start":{"line":212,"column":21},"end":{"line":212,"column":null}},"type":"switch","locations":[{"start":{"line":212,"column":21},"end":{"line":212,"column":null}}]},"23":{"loc":{"start":{"line":213,"column":30},"end":{"line":213,"column":54}},"type":"binary-expr","locations":[{"start":{"line":213,"column":30},"end":{"line":213,"column":34}},{"start":{"line":213,"column":38},"end":{"line":213,"column":54}}]},"24":{"loc":{"start":{"line":223,"column":34},"end":{"line":227,"column":null}},"type":"switch","locations":[{"start":{"line":223,"column":34},"end":{"line":227,"column":null}}]},"25":{"loc":{"start":{"line":229,"column":4},"end":{"line":229,"column":63}},"type":"if","locations":[{"start":{"line":229,"column":4},"end":{"line":229,"column":63}},{"start":{},"end":{}}]}},"s":{"0":0,"1":0,"2":0,"3":0,"4":0,"5":0,"6":0,"7":0,"8":0,"9":0,"10":0,"11":0,"12":0,"13":0,"14":0,"15":0,"16":0,"17":0,"18":0,"19":0,"20":0,"21":0,"22":0,"23":0,"24":0,"25":0,"26":0,"27":0,"28":0,"29":0,"30":0,"31":0,"32":0,"33":0,"34":0,"35":0,"36":0,"37":0,"38":0,"39":0,"40":0,"41":0,"42":0,"43":0,"44":0,"45":0,"46":0,"47":0,"48":0,"49":0,"50":0,"51":0,"52":0,"53":0,"54":0,"55":0,"56":0,"57":0,"58":0,"59":0,"60":0,"61":0,"62":0,"63":0,"64":0,"65":0,"66":0,"67":0,"68":0,"69":0,"70":0,"71":0,"72":0,"73":0,"74":0,"75":0,"76":0,"77":0,"78":0,"79":0,"80":0,"81":0,"82":0,"83":0},"f":{"0":0,"1":0,"2":0,"3":0,"4":0,"5":0,"6":0,"7":0,"8":0,"9":0,"10":0,"11":0,"12":0,"13":0},"b":{"0":[0,0],"1":[0,0],"2":[0],"3":[0,0],"4":[0,0],"5":[0,0],"6":[0,0],"7":[0,0],"8":[0,0],"9":[0,0],"10":[0,0],"11":[0,0],"12":[0,0],"13":[0,0],"14":[0,0],"15":[0,0],"16":[0,0],"17":[0],"18":[0,0],"19":[0],"20":[0,0],"21":[0,0],"22":[0],"23":[0,0],"24":[0],"25":[0,0]}}
,"C:\\Users\\USER\\Downloads\\Peravest\\src\\services\\ajoContributionEngine.ts": {"path":"C:\\Users\\USER\\Downloads\\Peravest\\src\\services\\ajoContributionEngine.ts","statementMap":{"0":{"start":{"line":1,"column":0},"end":{"line":1,"column":43}},"1":{"start":{"line":4,"column":13},"end":{"line":165,"column":2}},"2":{"start":{"line":6,"column":58},"end":{"line":18,"column":null}},"3":{"start":{"line":8,"column":28},"end":{"line":14,"column":null}},"4":{"start":{"line":8,"column":10},"end":{"line":8,"column":28}},"5":{"start":{"line":16,"column":4},"end":{"line":16,"column":27}},"6":{"start":{"line":16,"column":15},"end":{"line":16,"column":27}},"7":{"start":{"line":17,"column":4},"end":{"line":17,"column":16}},"8":{"start":{"line":21,"column":49},"end":{"line":69,"column":null}},"9":{"start":{"line":22,"column":28},"end":{"line":29,"column":null}},"10":{"start":{"line":22,"column":18},"end":{"line":22,"column":28}},"11":{"start":{"line":31,"column":4},"end":{"line":31,"column":51}},"12":{"start":{"line":31,"column":16},"end":{"line":31,"column":51}},"13":{"start":{"line":34,"column":41},"end":{"line":39,"column":null}},"14":{"start":{"line":34,"column":19},"end":{"line":34,"column":41}},"15":{"start":{"line":41,"column":10},"end":{"line":41,"column":63}},"16":{"start":{"line":42,"column":10},"end":{"line":42,"column":65}},"17":{"start":{"line":45,"column":35},"end":{"line":50,"column":null}},"18":{"start":{"line":45,"column":18},"end":{"line":45,"column":35}},"19":{"start":{"line":52,"column":10},"end":{"line":52,"column":92}},"20":{"start":{"line":52,"column":60},"end":{"line":52,"column":84}},"21":{"start":{"line":53,"column":10},"end":{"line":53,"column":95}},"22":{"start":{"line":55,"column":10},"end":{"line":55,"column":67}},"23":{"start":{"line":57,"column":8},"end":{"line":57,"column":16}},"24":{"start":{"line":59,"column":6},"end":{"line":65,"column":27}},"25":{"start":{"line":68,"column":4},"end":{"line":68,"column":36}},"26":{"start":{"line":72,"column":72},"end":{"line":88,"column":null}},"27":{"start":{"line":73,"column":10},"end":{"line":73,"column":33}},"28":{"start":{"line":74,"column":4},"end":{"line":74,"column":50}},"29":{"start":{"line":76,"column":22},"end":{"line":84,"column":null}},"30":{"start":{"line":76,"column":12},"end":{"line":76,"column":22}},"31":{"start":{"line":86,"column":4},"end":{"line":86,"column":27}},"32":{"start":{"line":86,"column":15},"end":{"line":86,"column":27}},"33":{"start":{"line":87,"column":4},"end":{"line":87,"column":29}},"34":{"start":{"line":91,"column":55},"end":{"line":129,"column":null}},"35":{"start":{"line":93,"column":43},"end":{"line":100,"column":null}},"36":{"start":{"line":93,"column":18},"end":{"line":93,"column":43}},"37":{"start":{"line":102,"column":4},"end":{"line":104,"column":5}},"38":{"start":{"line":103,"column":6},"end":{"line":103,"column":84}},"39":{"start":{"line":107,"column":28},"end":{"line":111,"column":null}},"40":{"start":{"line":107,"column":18},"end":{"line":107,"column":28}},"41":{"start":{"line":113,"column":4},"end":{"line":115,"column":5}},"42":{"start":{"line":114,"column":6},"end":{"line":114,"column":66}},"43":{"start":{"line":117,"column":4},"end":{"line":119,"column":5}},"44":{"start":{"line":118,"column":6},"end":{"line":118,"column":84}},"45":{"start":{"line":121,"column":10},"end":{"line":121,"column":27}},"46":{"start":{"line":122,"column":10},"end":{"line":122,"column":59}},"47":{"start":{"line":124,"column":4},"end":{"line":126,"column":5}},"48":{"start":{"line":125,"column":6},"end":{"line":125,"column":79}},"49":{"start":{"line":128,"column":4},"end":{"line":128,"column":36}},"50":{"start":{"line":132,"column":52},"end":{"line":164,"column":null}},"51":{"start":{"line":137,"column":28},"end":{"line":144,"column":null}},"52":{"start":{"line":137,"column":18},"end":{"line":137,"column":28}},"53":{"start":{"line":146,"column":4},"end":{"line":146,"column":51}},"54":{"start":{"line":146,"column":16},"end":{"line":146,"column":51}},"55":{"start":{"line":148,"column":36},"end":{"line":153,"column":null}},"56":{"start":{"line":148,"column":18},"end":{"line":148,"column":36}},"57":{"start":{"line":155,"column":10},"end":{"line":157,"column":58}},"58":{"start":{"line":156,"column":20},"end":{"line":156,"column":null}},"59":{"start":{"line":157,"column":26},"end":{"line":157,"column":50}},"60":{"start":{"line":159,"column":4},"end":{"line":163,"column":6}},"61":{"start":{"line":168,"column":13},"end":{"line":240,"column":2}}},"fnMap":{"0":{"name":"(anonymous_13)","decl":{"start":{"line":6,"column":23},"end":{"line":6,"column":30}},"loc":{"start":{"line":6,"column":58},"end":{"line":18,"column":null}}},"1":{"name":"(anonymous_14)","decl":{"start":{"line":6,"column":68},"end":{"line":6,"column":null}},"loc":{"start":{"line":6,"column":68},"end":{"line":18,"column":null}}},"2":{"name":"(anonymous_16)","decl":{"start":{"line":21,"column":27},"end":{"line":21,"column":34}},"loc":{"start":{"line":21,"column":49},"end":{"line":69,"column":null}}},"3":{"name":"(anonymous_17)","decl":{"start":{"line":21,"column":59},"end":{"line":21,"column":null}},"loc":{"start":{"line":21,"column":59},"end":{"line":69,"column":null}}},"4":{"name":"(anonymous_19)","decl":{"start":{"line":52,"column":48},"end":{"line":52,"column":49}},"loc":{"start":{"line":52,"column":55},"end":{"line":52,"column":63}}},"5":{"name":"(anonymous_20)","decl":{"start":{"line":72,"column":32},"end":{"line":72,"column":39}},"loc":{"start":{"line":72,"column":72},"end":{"line":88,"column":null}}},"6":{"name":"(anonymous_21)","decl":{"start":{"line":72,"column":82},"end":{"line":72,"column":null}},"loc":{"start":{"line":72,"column":82},"end":{"line":88,"column":null}}},"7":{"name":"(anonymous_23)","decl":{"start":{"line":91,"column":17},"end":{"line":91,"column":24}},"loc":{"start":{"line":91,"column":55},"end":{"line":129,"column":null}}},"8":{"name":"(anonymous_24)","decl":{"start":{"line":91,"column":65},"end":{"line":91,"column":null}},"loc":{"start":{"line":91,"column":65},"end":{"line":129,"column":null}}},"9":{"name":"(anonymous_26)","decl":{"start":{"line":132,"column":30},"end":{"line":132,"column":37}},"loc":{"start":{"line":132,"column":52},"end":{"line":164,"column":null}}},"10":{"name":"(anonymous_27)","decl":{"start":{"line":132,"column":62},"end":{"line":132,"column":null}},"loc":{"start":{"line":132,"column":62},"end":{"line":164,"column":null}}},"11":{"name":"(anonymous_29)","decl":{"start":{"line":156,"column":15},"end":{"line":156,"column":16}},"loc":{"start":{"line":156,"column":16},"end":{"line":156,"column":21}}},"12":{"name":"(anonymous_30)","decl":{"start":{"line":157,"column":14},"end":{"line":157,"column":15}},"loc":{"start":{"line":157,"column":21},"end":{"line":157,"column":29}}}},"branchMap":{"0":{"loc":{"start":{"line":8,"column":28},"end":{"line":14,"column":null}},"type":"switch","locations":[{"start":{"line":8,"column":28},"end":{"line":14,"column":null}}]},"1":{"loc":{"start":{"line":16,"column":4},"end":{"line":16,"column":27}},"type":"if","locations":[{"start":{"line":16,"column":4},"end":{"line":16,"column":27}},{"start":{},"end":{}}]},"2":{"loc":{"start":{"line":22,"column":28},"end":{"line":29,"column":null}},"type":"switch","locations":[{"start":{"line":22,"column":28},"end":{"line":29,"column":null}},{"start":{"line":68,"column":4},"end":{"line":68,"column":36}}]},"3":{"loc":{"start":{"line":31,"column":4},"end":{"line":31,"column":51}},"type":"if","locations":[{"start":{"line":31,"column":4},"end":{"line":31,"column":51}},{"start":{},"end":{}}]},"4":{"loc":{"start":{"line":52,"column":27},"end":{"line":52,"column":91}},"type":"binary-expr","locations":[{"start":{"line":52,"column":27},"end":{"line":52,"column":86}},{"start":{"line":52,"column":90},"end":{"line":52,"column":91}}]},"5":{"loc":{"start":{"line":52,"column":27},"end":{"line":52,"column":86}},"type":"cond-expr","locations":[{"start":{"line":52,"column":39},"end":{"line":52,"column":41}},{"start":{"line":52,"column":27},"end":{"line":52,"column":86}}]},"6":{"loc":{"start":{"line":52,"column":27},"end":{"line":52,"column":41}},"type":"binary-expr","locations":[{"start":{"line":52,"column":27},"end":{"line":52,"column":41}},{"start":{"line":52,"column":27},"end":{"line":52,"column":41}}]},"7":{"loc":{"start":{"line":55,"column":23},"end":{"line":55,"column":66}},"type":"binary-expr","locations":[{"start":{"line":55,"column":23},"end":{"line":55,"column":31}},{"start":{"line":55,"column":35},"end":{"line":55,"column":66}}]},"8":{"loc":{"start":{"line":57,"column":8},"end":{"line":57,"column":16}},"type":"if","locations":[{"start":{"line":57,"column":8},"end":{"line":57,"column":16}},{"start":{},"end":{}}]},"9":{"loc":{"start":{"line":62,"column":18},"end":{"line":62,"column":50}},"type":"cond-expr","locations":[{"start":{"line":62,"column":31},"end":{"line":62,"column":39}},{"start":{"line":62,"column":42},"end":{"line":62,"column":50}}]},"10":{"loc":{"start":{"line":86,"column":4},"end":{"line":86,"column":27}},"type":"if","locations":[{"start":{"line":86,"column":4},"end":{"line":86,"column":27}},{"start":{},"end":{}}]},"11":{"loc":{"start":{"line":93,"column":43},"end":{"line":100,"column":null}},"type":"switch","locations":[{"start":{"line":93,"column":43},"end":{"line":100,"column":null}}]},"12":{"loc":{"start":{"line":102,"column":4},"end":{"line":104,"column":5}},"type":"if","locations":[{"start":{"line":102,"column":4},"end":{"line":104,"column":5}},{"start":{},"end":{}}]},"13":{"loc":{"start":{"line":113,"column":4},"end":{"line":115,"column":5}},"type":"if","locations":[{"start":{"line":113,"column":4},"end":{"line":115,"column":5}},{"start":{},"end":{}}]},"14":{"loc":{"start":{"line":117,"column":4},"end":{"line":119,"column":5}},"type":"if","locations":[{"start":{"line":117,"column":4},"end":{"line":119,"column":5}},{"start":{},"end":{}}]},"15":{"loc":{"start":{"line":124,"column":4},"end":{"line":126,"column":5}},"type":"if","locations":[{"start":{"line":124,"column":4},"end":{"line":126,"column":5}},{"start":{},"end":{}}]},"16":{"loc":{"start":{"line":137,"column":28},"end":{"line":144,"column":null}},"type":"switch","locations":[{"start":{"line":137,"column":28},"end":{"line":144,"column":null}}]},"17":{"loc":{"start":{"line":146,"column":4},"end":{"line":146,"column":51}},"type":"if","locations":[{"start":{"line":146,"column":4},"end":{"line":146,"column":51}},{"start":{},"end":{}}]},"18":{"loc":{"start":{"line":155,"column":26},"end":{"line":157,"column":57}},"type":"binary-expr","locations":[{"start":{"line":155,"column":26},"end":{"line":157,"column":52}},{"start":{"line":157,"column":56},"end":{"line":157,"column":57}}]},"19":{"loc":{"start":{"line":155,"column":26},"end":{"line":157,"column":52}},"type":"cond-expr","locations":[{"start":{"line":155,"column":39},"end":{"line":155,"column":null}},{"start":{"line":155,"column":26},"end":{"line":157,"column":52}}]},"20":{"loc":{"start":{"line":155,"column":26},"end":{"line":155,"column":null}},"type":"binary-expr","locations":[{"start":{"line":155,"column":26},"end":{"line":155,"column":null}},{"start":{"line":155,"column":26},"end":{"line":155,"column":null}}]},"21":{"loc":{"start":{"line":162,"column":21},"end":{"line":162,"column":40}},"type":"binary-expr","locations":[{"start":{"line":162,"column":21},"end":{"line":162,"column":34}},{"start":{"line":162,"column":38},"end":{"line":162,"column":40}}]}},"s":{"0":0,"1":0,"2":0,"3":0,"4":0,"5":0,"6":0,"7":0,"8":0,"9":0,"10":0,"11":0,"12":0,"13":0,"14":0,"15":0,"16":0,"17":0,"18":0,"19":0,"20":0,"21":0,"22":0,"23":0,"24":0,"25":0,"26":0,"27":0,"28":0,"29":0,"30":0,"31":0,"32":0,"33":0,"34":0,"35":0,"36":0,"37":0,"38":0,"39":0,"40":0,"41":0,"42":0,"43":0,"44":0,"45":0,"46":0,"47":0,"48":0,"49":0,"50":0,"51":0,"52":0,"53":0,"54":0,"55":0,"56":0,"57":0,"58":0,"59":0,"60":0,"61":0},"f":{"0":0,"1":0,"2":0,"3":0,"4":0,"5":0,"6":0,"7":0,"8":0,"9":0,"10":0,"11":0,"12":0},"b":{"0":[0],"1":[0,0],"2":[0,0],"3":[0,0],"4":[0,0],"5":[0,0],"6":[0,0],"7":[0,0],"8":[0,0],"9":[0,0],"10":[0,0],"11":[0],"12":[0,0],"13":[0,0],"14":[0,0],"15":[0,0],"16":[0],"17":[0,0],"18":[0,0],"19":[0,0],"20":[0,0],"21":[0,0]}}
,"C:\\Users\\USER\\Downloads\\Peravest\\src\\services\\ajoContributionValidator.ts": {"path":"C:\\Users\\USER\\Downloads\\Peravest\\src\\services\\ajoContributionValidator.ts","statementMap":{"0":{"start":{"line":1,"column":0},"end":{"line":1,"column":43}},"1":{"start":{"line":4,"column":0},"end":{"line":4,"column":13}},"2":{"start":{"line":7,"column":15},"end":{"line":80,"column":null}},"3":{"start":{"line":12,"column":10},"end":{"line":12,"column":43}},"4":{"start":{"line":13,"column":10},"end":{"line":13,"column":80}},"5":{"start":{"line":16,"column":30},"end":{"line":20,"column":null}},"6":{"start":{"line":16,"column":18},"end":{"line":16,"column":30}},"7":{"start":{"line":22,"column":4},"end":{"line":22,"column":95}},"8":{"start":{"line":22,"column":18},"end":{"line":22,"column":95}},"9":{"start":{"line":25,"column":28},"end":{"line":32,"column":null}},"10":{"start":{"line":25,"column":18},"end":{"line":25,"column":28}},"11":{"start":{"line":34,"column":4},"end":{"line":34,"column":51}},"12":{"start":{"line":34,"column":16},"end":{"line":34,"column":51}},"13":{"start":{"line":36,"column":10},"end":{"line":36,"column":68}},"14":{"start":{"line":39,"column":32},"end":{"line":39,"column":null}},"15":{"start":{"line":39,"column":25},"end":{"line":39,"column":null}},"16":{"start":{"line":39,"column":15},"end":{"line":39,"column":25}},"17":{"start":{"line":42,"column":33},"end":{"line":42,"column":null}},"18":{"start":{"line":42,"column":14},"end":{"line":42,"column":null}},"19":{"start":{"line":44,"column":8},"end":{"line":50,"column":9}},"20":{"start":{"line":45,"column":10},"end":{"line":48,"column":13}},"21":{"start":{"line":49,"column":10},"end":{"line":49,"column":19}},"22":{"start":{"line":53,"column":8},"end":{"line":63,"column":14}},"23":{"start":{"line":65,"column":8},"end":{"line":65,"column":47}},"24":{"start":{"line":68,"column":8},"end":{"line":71,"column":11}},"25":{"start":{"line":75,"column":4},"end":{"line":79,"column":6}},"26":{"start":{"line":83,"column":15},"end":{"line":122,"column":null}},"27":{"start":{"line":88,"column":10},"end":{"line":88,"column":42}},"28":{"start":{"line":89,"column":8},"end":{"line":89,"column":25}},"29":{"start":{"line":92,"column":36},"end":{"line":97,"column":null}},"30":{"start":{"line":92,"column":18},"end":{"line":92,"column":36}},"31":{"start":{"line":99,"column":4},"end":{"line":99,"column":91}},"32":{"start":{"line":99,"column":24},"end":{"line":99,"column":91}},"33":{"start":{"line":102,"column":44},"end":{"line":102,"column":null}},"34":{"start":{"line":102,"column":31},"end":{"line":102,"column":null}},"35":{"start":{"line":102,"column":15},"end":{"line":102,"column":31}},"36":{"start":{"line":103,"column":24},"end":{"line":109,"column":null}},"37":{"start":{"line":103,"column":14},"end":{"line":103,"column":24}},"38":{"start":{"line":111,"column":6},"end":{"line":114,"column":7}},"39":{"start":{"line":112,"column":8},"end":{"line":112,"column":47}},"40":{"start":{"line":113,"column":8},"end":{"line":113,"column":52}},"41":{"start":{"line":117,"column":4},"end":{"line":121,"column":6}},"42":{"start":{"line":125,"column":15},"end":{"line":192,"column":null}},"43":{"start":{"line":130,"column":10},"end":{"line":130,"column":46}},"44":{"start":{"line":131,"column":8},"end":{"line":131,"column":26}},"45":{"start":{"line":135,"column":43},"end":{"line":140,"column":null}},"46":{"start":{"line":135,"column":20},"end":{"line":135,"column":43}},"47":{"start":{"line":142,"column":6},"end":{"line":142,"column":103}},"48":{"start":{"line":142,"column":31},"end":{"line":142,"column":103}},"49":{"start":{"line":145,"column":50},"end":{"line":145,"column":null}},"50":{"start":{"line":145,"column":32},"end":{"line":145,"column":null}},"51":{"start":{"line":145,"column":17},"end":{"line":145,"column":32}},"52":{"start":{"line":147,"column":53},"end":{"line":162,"column":null}},"53":{"start":{"line":147,"column":14},"end":{"line":147,"column":53}},"54":{"start":{"line":164,"column":12},"end":{"line":164,"column":13}},"55":{"start":{"line":166,"column":10},"end":{"line":169,"column":38}},"56":{"start":{"line":171,"column":10},"end":{"line":171,"column":47}},"57":{"start":{"line":172,"column":10},"end":{"line":172,"column":54}},"58":{"start":{"line":177,"column":6},"end":{"line":180,"column":27}},"59":{"start":{"line":182,"column":6},"end":{"line":186,"column":8}},"60":{"start":{"line":189,"column":6},"end":{"line":189,"column":52}},"61":{"start":{"line":190,"column":6},"end":{"line":190,"column":78}},"62":{"start":{"line":195,"column":15},"end":{"line":238,"column":null}},"63":{"start":{"line":206,"column":30},"end":{"line":210,"column":null}},"64":{"start":{"line":206,"column":18},"end":{"line":206,"column":30}},"65":{"start":{"line":212,"column":4},"end":{"line":218,"column":5}},"66":{"start":{"line":213,"column":6},"end":{"line":217,"column":8}},"67":{"start":{"line":220,"column":10},"end":{"line":220,"column":46}},"68":{"start":{"line":221,"column":10},"end":{"line":221,"column":101}},"69":{"start":{"line":221,"column":52},"end":{"line":221,"column":93}},"70":{"start":{"line":222,"column":10},"end":{"line":222,"column":97}},"71":{"start":{"line":222,"column":50},"end":{"line":222,"column":89}},"72":{"start":{"line":223,"column":10},"end":{"line":223,"column":74}},"73":{"start":{"line":223,"column":41},"end":{"line":223,"column":66}},"74":{"start":{"line":225,"column":10},"end":{"line":225,"column":90}},"75":{"start":{"line":226,"column":10},"end":{"line":226,"column":52}},"76":{"start":{"line":228,"column":4},"end":{"line":237,"column":6}},"77":{"start":{"line":241,"column":15},"end":{"line":301,"column":null}},"78":{"start":{"line":246,"column":10},"end":{"line":246,"column":32}},"79":{"start":{"line":249,"column":28},"end":{"line":256,"column":null}},"80":{"start":{"line":249,"column":18},"end":{"line":249,"column":28}},"81":{"start":{"line":258,"column":4},"end":{"line":260,"column":5}},"82":{"start":{"line":259,"column":6},"end":{"line":259,"column":79}},"83":{"start":{"line":263,"column":4},"end":{"line":265,"column":5}},"84":{"start":{"line":264,"column":6},"end":{"line":264,"column":54}},"85":{"start":{"line":268,"column":41},"end":{"line":273,"column":null}},"86":{"start":{"line":268,"column":19},"end":{"line":268,"column":41}},"87":{"start":{"line":275,"column":10},"end":{"line":275,"column":63}},"88":{"start":{"line":277,"column":4},"end":{"line":279,"column":5}},"89":{"start":{"line":278,"column":6},"end":{"line":278,"column":93}},"90":{"start":{"line":282,"column":35},"end":{"line":287,"column":null}},"91":{"start":{"line":282,"column":18},"end":{"line":282,"column":35}},"92":{"start":{"line":289,"column":10},"end":{"line":289,"column":92}},"93":{"start":{"line":289,"column":60},"end":{"line":289,"column":84}},"94":{"start":{"line":290,"column":10},"end":{"line":290,"column":88}},"95":{"start":{"line":292,"column":4},"end":{"line":294,"column":5}},"96":{"start":{"line":293,"column":6},"end":{"line":293,"column":93}},"97":{"start":{"line":296,"column":4},"end":{"line":300,"column":6}},"98":{"start":{"line":302,"column":0},"end":{"line":302,"column":null}},"99":{"start":{"line":4,"column":13},"end":{"line":4,"column":37}}},"fnMap":{"0":{"name":"(anonymous_13)","decl":{"start":{"line":4,"column":0},"end":{"line":4,"column":13}},"loc":{"start":{"line":4,"column":0},"end":{"line":302,"column":1}}},"1":{"name":"(anonymous_15)","decl":{"start":{"line":7,"column":2},"end":{"line":7,"column":15}},"loc":{"start":{"line":7,"column":68},"end":{"line":80,"column":null}}},"2":{"name":"(anonymous_18)","decl":{"start":{"line":83,"column":2},"end":{"line":83,"column":15}},"loc":{"start":{"line":83,"column":48},"end":{"line":122,"column":null}}},"3":{"name":"(anonymous_21)","decl":{"start":{"line":125,"column":2},"end":{"line":125,"column":15}},"loc":{"start":{"line":125,"column":52},"end":{"line":192,"column":null}}},"4":{"name":"(anonymous_24)","decl":{"start":{"line":195,"column":2},"end":{"line":195,"column":15}},"loc":{"start":{"line":195,"column":70},"end":{"line":238,"column":null}}},"5":{"name":"(anonymous_27)","decl":{"start":{"line":221,"column":47},"end":{"line":221,"column":48}},"loc":{"start":{"line":221,"column":48},"end":{"line":221,"column":53}}},"6":{"name":"(anonymous_28)","decl":{"start":{"line":222,"column":45},"end":{"line":222,"column":46}},"loc":{"start":{"line":222,"column":46},"end":{"line":222,"column":51}}},"7":{"name":"(anonymous_29)","decl":{"start":{"line":223,"column":36},"end":{"line":223,"column":37}},"loc":{"start":{"line":223,"column":37},"end":{"line":223,"column":42}}},"8":{"name":"(anonymous_30)","decl":{"start":{"line":241,"column":2},"end":{"line":241,"column":15}},"loc":{"start":{"line":241,"column":60},"end":{"line":301,"column":null}}},"9":{"name":"(anonymous_33)","decl":{"start":{"line":289,"column":48},"end":{"line":289,"column":49}},"loc":{"start":{"line":289,"column":55},"end":{"line":289,"column":63}}}},"branchMap":{"0":{"loc":{"start":{"line":75,"column":4},"end":{"line":79,"column":6}},"type":"switch","locations":[{"start":{"line":75,"column":4},"end":{"line":79,"column":6}}]},"1":{"loc":{"start":{"line":22,"column":4},"end":{"line":22,"column":95}},"type":"if","locations":[{"start":{"line":22,"column":4},"end":{"line":22,"column":95}},{"start":{},"end":{}}]},"2":{"loc":{"start":{"line":34,"column":4},"end":{"line":34,"column":51}},"type":"if","locations":[{"start":{"line":34,"column":4},"end":{"line":34,"column":51}},{"start":{},"end":{}}]},"3":{"loc":{"start":{"line":39,"column":25},"end":{"line":39,"column":null}},"type":"if","locations":[{"start":{"line":39,"column":25},"end":{"line":39,"column":null}},{"start":{},"end":{}}]},"4":{"loc":{"start":{"line":44,"column":8},"end":{"line":50,"column":9}},"type":"if","locations":[{"start":{"line":44,"column":8},"end":{"line":50,"column":9}},{"start":{},"end":{}}]},"5":{"loc":{"start":{"line":117,"column":4},"end":{"line":121,"column":6}},"type":"switch","locations":[{"start":{"line":117,"column":4},"end":{"line":121,"column":6}}]},"6":{"loc":{"start":{"line":99,"column":4},"end":{"line":99,"column":91}},"type":"if","locations":[{"start":{"line":99,"column":4},"end":{"line":99,"column":91}},{"start":{},"end":{}}]},"7":{"loc":{"start":{"line":102,"column":31},"end":{"line":102,"column":null}},"type":"if","locations":[{"start":{"line":102,"column":31},"end":{"line":102,"column":null}},{"start":{},"end":{}}]},"8":{"loc":{"start":{"line":111,"column":6},"end":{"line":114,"column":7}},"type":"if","locations":[{"start":{"line":111,"column":6},"end":{"line":114,"column":7}},{"start":{},"end":{}}]},"9":{"loc":{"start":{"line":142,"column":6},"end":{"line":142,"column":103}},"type":"if","locations":[{"start":{"line":142,"column":6},"end":{"line":142,"column":103}},{"start":{},"end":{}}]},"10":{"loc":{"start":{"line":145,"column":32},"end":{"line":145,"column":null}},"type":"if","locations":[{"start":{"line":145,"column":32},"end":{"line":145,"column":null}},{"start":{},"end":{}}]},"11":{"loc":{"start":{"line":164,"column":12},"end":{"line":164,"column":13}},"type":"if","locations":[{"start":{"line":164,"column":12},"end":{"line":164,"column":13}},{"start":{},"end":{}}]},"12":{"loc":{"start":{"line":164,"column":12},"end":{"line":164,"column":34}},"type":"binary-expr","locations":[{"start":{"line":164,"column":12},"end":{"line":164,"column":24}},{"start":{"line":164,"column":28},"end":{"line":164,"column":34}}]},"13":{"loc":{"start":{"line":206,"column":30},"end":{"line":210,"column":null}},"type":"switch","locations":[{"start":{"line":206,"column":30},"end":{"line":210,"column":null}}]},"14":{"loc":{"start":{"line":212,"column":4},"end":{"line":218,"column":5}},"type":"if","locations":[{"start":{"line":212,"column":4},"end":{"line":218,"column":5}},{"start":{},"end":{}}]},"15":{"loc":{"start":{"line":212,"column":8},"end":{"line":212,"column":40}},"type":"binary-expr","locations":[{"start":{"line":212,"column":8},"end":{"line":212,"column":16}},{"start":{"line":212,"column":20},"end":{"line":212,"column":40}}]},"16":{"loc":{"start":{"line":221,"column":52},"end":{"line":221,"column":92}},"type":"binary-expr","locations":[{"start":{"line":221,"column":52},"end":{"line":221,"column":71}},{"start":{"line":221,"column":75},"end":{"line":221,"column":92}}]},"17":{"loc":{"start":{"line":222,"column":50},"end":{"line":222,"column":88}},"type":"binary-expr","locations":[{"start":{"line":222,"column":50},"end":{"line":222,"column":69}},{"start":{"line":222,"column":73},"end":{"line":222,"column":88}}]},"18":{"loc":{"start":{"line":225,"column":18},"end":{"line":225,"column":89}},"type":"cond-expr","locations":[{"start":{"line":225,"column":43},"end":{"line":225,"column":83}},{"start":{"line":225,"column":86},"end":{"line":225,"column":89}}]},"19":{"loc":{"start":{"line":226,"column":21},"end":{"line":226,"column":51}},"type":"binary-expr","locations":[{"start":{"line":226,"column":21},"end":{"line":226,"column":33}},{"start":{"line":226,"column":37},"end":{"line":226,"column":51}}]},"20":{"loc":{"start":{"line":258,"column":4},"end":{"line":260,"column":5}},"type":"if","locations":[{"start":{"line":258,"column":4},"end":{"line":260,"column":5}},{"start":{},"end":{}}]},"21":{"loc":{"start":{"line":263,"column":4},"end":{"line":265,"column":5}},"type":"if","locations":[{"start":{"line":263,"column":4},"end":{"line":265,"column":5}},{"start":{},"end":{}}]},"22":{"loc":{"start":{"line":277,"column":4},"end":{"line":279,"column":5}},"type":"if","locations":[{"start":{"line":277,"column":4},"end":{"line":279,"column":5}},{"start":{},"end":{}}]},"23":{"loc":{"start":{"line":289,"column":27},"end":{"line":289,"column":91}},"type":"binary-expr","locations":[{"start":{"line":289,"column":27},"end":{"line":289,"column":86}},{"start":{"line":289,"column":90},"end":{"line":289,"column":91}}]},"24":{"loc":{"start":{"line":289,"column":27},"end":{"line":289,"column":86}},"type":"cond-expr","locations":[{"start":{"line":289,"column":39},"end":{"line":289,"column":41}},{"start":{"line":289,"column":27},"end":{"line":289,"column":86}}]},"25":{"loc":{"start":{"line":289,"column":27},"end":{"line":289,"column":41}},"type":"binary-expr","locations":[{"start":{"line":289,"column":27},"end":{"line":289,"column":41}},{"start":{"line":289,"column":27},"end":{"line":289,"column":41}}]},"26":{"loc":{"start":{"line":292,"column":4},"end":{"line":294,"column":5}},"type":"if","locations":[{"start":{"line":292,"column":4},"end":{"line":294,"column":5}},{"start":{},"end":{}}]}},"s":{"0":0,"1":0,"2":0,"3":0,"4":0,"5":0,"6":0,"7":0,"8":0,"9":0,"10":0,"11":0,"12":0,"13":0,"14":0,"15":0,"16":0,"17":0,"18":0,"19":0,"20":0,"21":0,"22":0,"23":0,"24":0,"25":0,"26":0,"27":0,"28":0,"29":0,"30":0,"31":0,"32":0,"33":0,"34":0,"35":0,"36":0,"37":0,"38":0,"39":0,"40":0,"41":0,"42":0,"43":0,"44":0,"45":0,"46":0,"47":0,"48":0,"49":0,"50":0,"51":0,"52":0,"53":0,"54":0,"55":0,"56":0,"57":0,"58":0,"59":0,"60":0,"61":0,"62":0,"63":0,"64":0,"65":0,"66":0,"67":0,"68":0,"69":0,"70":0,"71":0,"72":0,"73":0,"74":0,"75":0,"76":0,"77":0,"78":0,"79":0,"80":0,"81":0,"82":0,"83":0,"84":0,"85":0,"86":0,"87":0,"88":0,"89":0,"90":0,"91":0,"92":0,"93":0,"94":0,"95":0,"96":0,"97":0,"98":0,"99":0},"f":{"0":0,"1":0,"2":0,"3":0,"4":0,"5":0,"6":0,"7":0,"8":0,"9":0},"b":{"0":[0],"1":[0,0],"2":[0,0],"3":[0,0],"4":[0,0],"5":[0],"6":[0,0],"7":[0,0],"8":[0,0],"9":[0,0],"10":[0,0],"11":[0,0],"12":[0,0],"13":[0],"14":[0,0],"15":[0,0],"16":[0,0],"17":[0,0],"18":[0,0],"19":[0,0],"20":[0,0],"21":[0,0],"22":[0,0],"23":[0,0],"24":[0,0],"25":[0,0],"26":[0,0]}}
,"C:\\Users\\USER\\Downloads\\Peravest\\src\\services\\ajoGroupService.ts": {"path":"C:\\Users\\USER\\Downloads\\Peravest\\src\\services\\ajoGroupService.ts","statementMap":{"0":{"start":{"line":1,"column":0},"end":{"line":1,"column":43}},"1":{"start":{"line":4,"column":13},"end":{"line":217,"column":2}},"2":{"start":{"line":6,"column":49},"end":{"line":50,"column":null}},"3":{"start":{"line":7,"column":31},"end":{"line":7,"column":null}},"4":{"start":{"line":7,"column":20},"end":{"line":7,"column":31}},"5":{"start":{"line":8,"column":4},"end":{"line":8,"column":52}},"6":{"start":{"line":8,"column":15},"end":{"line":8,"column":52}},"7":{"start":{"line":10,"column":31},"end":{"line":14,"column":null}},"8":{"start":{"line":10,"column":18},"end":{"line":10,"column":31}},"9":{"start":{"line":16,"column":4},"end":{"line":16,"column":53}},"10":{"start":{"line":16,"column":19},"end":{"line":16,"column":53}},"11":{"start":{"line":19,"column":10},"end":{"line":19,"column":44}},"12":{"start":{"line":21,"column":35},"end":{"line":35,"column":null}},"13":{"start":{"line":21,"column":10},"end":{"line":21,"column":35}},"14":{"start":{"line":37,"column":4},"end":{"line":37,"column":27}},"15":{"start":{"line":37,"column":15},"end":{"line":37,"column":27}},"16":{"start":{"line":40,"column":4},"end":{"line":47,"column":10}},"17":{"start":{"line":49,"column":4},"end":{"line":49,"column":27}},"18":{"start":{"line":53,"column":45},"end":{"line":123,"column":null}},"19":{"start":{"line":54,"column":31},"end":{"line":54,"column":null}},"20":{"start":{"line":54,"column":20},"end":{"line":54,"column":31}},"21":{"start":{"line":55,"column":4},"end":{"line":55,"column":52}},"22":{"start":{"line":55,"column":15},"end":{"line":55,"column":52}},"23":{"start":{"line":57,"column":31},"end":{"line":61,"column":null}},"24":{"start":{"line":57,"column":18},"end":{"line":57,"column":31}},"25":{"start":{"line":63,"column":4},"end":{"line":65,"column":5}},"26":{"start":{"line":64,"column":6},"end":{"line":64,"column":38}},"27":{"start":{"line":68,"column":28},"end":{"line":72,"column":null}},"28":{"start":{"line":68,"column":18},"end":{"line":68,"column":28}},"29":{"start":{"line":74,"column":4},"end":{"line":74,"column":51}},"30":{"start":{"line":74,"column":16},"end":{"line":74,"column":51}},"31":{"start":{"line":75,"column":4},"end":{"line":75,"column":83}},"32":{"start":{"line":75,"column":36},"end":{"line":75,"column":83}},"33":{"start":{"line":76,"column":4},"end":{"line":76,"column":85}},"34":{"start":{"line":76,"column":52},"end":{"line":76,"column":85}},"35":{"start":{"line":79,"column":37},"end":{"line":84,"column":null}},"36":{"start":{"line":79,"column":18},"end":{"line":79,"column":37}},"37":{"start":{"line":86,"column":4},"end":{"line":86,"column":60}},"38":{"start":{"line":86,"column":24},"end":{"line":86,"column":60}},"39":{"start":{"line":89,"column":30},"end":{"line":94,"column":null}},"40":{"start":{"line":89,"column":18},"end":{"line":89,"column":30}},"41":{"start":{"line":96,"column":10},"end":{"line":96,"column":85}},"42":{"start":{"line":97,"column":10},"end":{"line":97,"column":99}},"43":{"start":{"line":100,"column":22},"end":{"line":107,"column":null}},"44":{"start":{"line":100,"column":12},"end":{"line":100,"column":22}},"45":{"start":{"line":109,"column":4},"end":{"line":109,"column":27}},"46":{"start":{"line":109,"column":15},"end":{"line":109,"column":27}},"47":{"start":{"line":112,"column":35},"end":{"line":116,"column":null}},"48":{"start":{"line":112,"column":18},"end":{"line":112,"column":35}},"49":{"start":{"line":118,"column":8},"end":{"line":118,"column":20}},"50":{"start":{"line":119,"column":6},"end":{"line":119,"column":46}},"51":{"start":{"line":122,"column":4},"end":{"line":122,"column":29}},"52":{"start":{"line":126,"column":36},"end":{"line":139,"column":null}},"53":{"start":{"line":127,"column":10},"end":{"line":127,"column":33}},"54":{"start":{"line":128,"column":22},"end":{"line":135,"column":null}},"55":{"start":{"line":128,"column":12},"end":{"line":128,"column":22}},"56":{"start":{"line":137,"column":4},"end":{"line":137,"column":27}},"57":{"start":{"line":137,"column":15},"end":{"line":137,"column":27}},"58":{"start":{"line":138,"column":4},"end":{"line":138,"column":29}},"59":{"start":{"line":142,"column":17},"end":{"line":165,"column":null}},"60":{"start":{"line":143,"column":31},"end":{"line":143,"column":null}},"61":{"start":{"line":143,"column":20},"end":{"line":143,"column":31}},"62":{"start":{"line":144,"column":4},"end":{"line":144,"column":35}},"63":{"start":{"line":144,"column":15},"end":{"line":144,"column":35}},"64":{"start":{"line":146,"column":31},"end":{"line":150,"column":null}},"65":{"start":{"line":146,"column":18},"end":{"line":146,"column":31}},"66":{"start":{"line":152,"column":4},"end":{"line":152,"column":39}},"67":{"start":{"line":152,"column":19},"end":{"line":152,"column":39}},"68":{"start":{"line":154,"column":36},"end":{"line":161,"column":null}},"69":{"start":{"line":154,"column":10},"end":{"line":154,"column":36}},"70":{"start":{"line":163,"column":4},"end":{"line":163,"column":27}},"71":{"start":{"line":163,"column":15},"end":{"line":163,"column":27}},"72":{"start":{"line":164,"column":4},"end":{"line":164,"column":34}},"73":{"start":{"line":168,"column":22},"end":{"line":178,"column":null}},"74":{"start":{"line":169,"column":36},"end":{"line":174,"column":null}},"75":{"start":{"line":169,"column":10},"end":{"line":169,"column":36}},"76":{"start":{"line":176,"column":4},"end":{"line":176,"column":27}},"77":{"start":{"line":176,"column":15},"end":{"line":176,"column":27}},"78":{"start":{"line":177,"column":4},"end":{"line":177,"column":34}},"79":{"start":{"line":181,"column":48},"end":{"line":216,"column":null}},"80":{"start":{"line":182,"column":10},"end":{"line":182,"column":32}},"81":{"start":{"line":185,"column":28},"end":{"line":189,"column":null}},"82":{"start":{"line":185,"column":18},"end":{"line":185,"column":28}},"83":{"start":{"line":191,"column":37},"end":{"line":195,"column":null}},"84":{"start":{"line":191,"column":19},"end":{"line":191,"column":37}},"85":{"start":{"line":197,"column":4},"end":{"line":199,"column":5}},"86":{"start":{"line":198,"column":6},"end":{"line":198,"column":43}},"87":{"start":{"line":202,"column":30},"end":{"line":206,"column":null}},"88":{"start":{"line":202,"column":18},"end":{"line":202,"column":30}},"89":{"start":{"line":208,"column":10},"end":{"line":208,"column":65}},"90":{"start":{"line":208,"column":43},"end":{"line":208,"column":58}},"91":{"start":{"line":209,"column":10},"end":{"line":209,"column":47}},"92":{"start":{"line":211,"column":4},"end":{"line":213,"column":5}},"93":{"start":{"line":212,"column":6},"end":{"line":212,"column":45}},"94":{"start":{"line":215,"column":4},"end":{"line":215,"column":50}}},"fnMap":{"0":{"name":"(anonymous_13)","decl":{"start":{"line":6,"column":15},"end":{"line":6,"column":22}},"loc":{"start":{"line":6,"column":49},"end":{"line":50,"column":null}}},"1":{"name":"(anonymous_14)","decl":{"start":{"line":6,"column":59},"end":{"line":6,"column":null}},"loc":{"start":{"line":6,"column":59},"end":{"line":50,"column":null}}},"2":{"name":"(anonymous_16)","decl":{"start":{"line":53,"column":13},"end":{"line":53,"column":20}},"loc":{"start":{"line":53,"column":45},"end":{"line":123,"column":null}}},"3":{"name":"(anonymous_17)","decl":{"start":{"line":53,"column":55},"end":{"line":53,"column":null}},"loc":{"start":{"line":53,"column":55},"end":{"line":123,"column":null}}},"4":{"name":"(anonymous_19)","decl":{"start":{"line":126,"column":14},"end":{"line":126,"column":21}},"loc":{"start":{"line":126,"column":36},"end":{"line":139,"column":null}}},"5":{"name":"(anonymous_20)","decl":{"start":{"line":126,"column":46},"end":{"line":126,"column":null}},"loc":{"start":{"line":126,"column":46},"end":{"line":139,"column":null}}},"6":{"name":"(anonymous_22)","decl":{"start":{"line":142,"column":17},"end":{"line":142,"column":27}},"loc":{"start":{"line":142,"column":17},"end":{"line":165,"column":null}}},"7":{"name":"(anonymous_23)","decl":{"start":{"line":142,"column":34},"end":{"line":142,"column":null}},"loc":{"start":{"line":142,"column":34},"end":{"line":165,"column":null}}},"8":{"name":"(anonymous_25)","decl":{"start":{"line":168,"column":22},"end":{"line":168,"column":32}},"loc":{"start":{"line":168,"column":22},"end":{"line":178,"column":null}}},"9":{"name":"(anonymous_26)","decl":{"start":{"line":168,"column":39},"end":{"line":168,"column":null}},"loc":{"start":{"line":168,"column":39},"end":{"line":178,"column":null}}},"10":{"name":"(anonymous_28)","decl":{"start":{"line":181,"column":26},"end":{"line":181,"column":33}},"loc":{"start":{"line":181,"column":48},"end":{"line":216,"column":null}}},"11":{"name":"(anonymous_29)","decl":{"start":{"line":181,"column":58},"end":{"line":181,"column":null}},"loc":{"start":{"line":181,"column":58},"end":{"line":216,"column":null}}},"12":{"name":"(anonymous_31)","decl":{"start":{"line":208,"column":38},"end":{"line":208,"column":39}},"loc":{"start":{"line":208,"column":39},"end":{"line":208,"column":44}}}},"branchMap":{"0":{"loc":{"start":{"line":7,"column":31},"end":{"line":7,"column":null}},"type":"switch","locations":[{"start":{"line":7,"column":31},"end":{"line":7,"column":null}}]},"1":{"loc":{"start":{"line":8,"column":4},"end":{"line":8,"column":52}},"type":"if","locations":[{"start":{"line":8,"column":4},"end":{"line":8,"column":52}},{"start":{},"end":{}}]},"2":{"loc":{"start":{"line":16,"column":4},"end":{"line":16,"column":53}},"type":"if","locations":[{"start":{"line":16,"column":4},"end":{"line":16,"column":53}},{"start":{},"end":{}}]},"3":{"loc":{"start":{"line":37,"column":4},"end":{"line":37,"column":27}},"type":"if","locations":[{"start":{"line":37,"column":4},"end":{"line":37,"column":27}},{"start":{},"end":{}}]},"4":{"loc":{"start":{"line":54,"column":31},"end":{"line":54,"column":null}},"type":"switch","locations":[{"start":{"line":54,"column":31},"end":{"line":54,"column":null}},{"start":{"line":122,"column":4},"end":{"line":122,"column":29}}]},"5":{"loc":{"start":{"line":55,"column":4},"end":{"line":55,"column":52}},"type":"if","locations":[{"start":{"line":55,"column":4},"end":{"line":55,"column":52}},{"start":{},"end":{}}]},"6":{"loc":{"start":{"line":63,"column":4},"end":{"line":65,"column":5}},"type":"if","locations":[{"start":{"line":63,"column":4},"end":{"line":65,"column":5}},{"start":{},"end":{}}]},"7":{"loc":{"start":{"line":63,"column":8},"end":{"line":63,"column":52}},"type":"binary-expr","locations":[{"start":{"line":63,"column":8},"end":{"line":63,"column":17}},{"start":{"line":63,"column":21},"end":{"line":63,"column":52}}]},"8":{"loc":{"start":{"line":74,"column":4},"end":{"line":74,"column":51}},"type":"if","locations":[{"start":{"line":74,"column":4},"end":{"line":74,"column":51}},{"start":{},"end":{}}]},"9":{"loc":{"start":{"line":75,"column":4},"end":{"line":75,"column":83}},"type":"if","locations":[{"start":{"line":75,"column":4},"end":{"line":75,"column":83}},{"start":{},"end":{}}]},"10":{"loc":{"start":{"line":76,"column":4},"end":{"line":76,"column":85}},"type":"if","locations":[{"start":{"line":76,"column":4},"end":{"line":76,"column":85}},{"start":{},"end":{}}]},"11":{"loc":{"start":{"line":86,"column":4},"end":{"line":86,"column":60}},"type":"if","locations":[{"start":{"line":86,"column":4},"end":{"line":86,"column":60}},{"start":{},"end":{}}]},"12":{"loc":{"start":{"line":96,"column":25},"end":{"line":96,"column":84}},"type":"cond-expr","locations":[{"start":{"line":96,"column":57},"end":{"line":96,"column":80}},{"start":{"line":96,"column":83},"end":{"line":96,"column":84}}]},"13":{"loc":{"start":{"line":96,"column":25},"end":{"line":96,"column":54}},"type":"binary-expr","locations":[{"start":{"line":96,"column":25},"end":{"line":96,"column":32}},{"start":{"line":96,"column":36},"end":{"line":96,"column":54}}]},"14":{"loc":{"start":{"line":97,"column":28},"end":{"line":97,"column":98}},"type":"cond-expr","locations":[{"start":{"line":97,"column":60},"end":{"line":97,"column":94}},{"start":{"line":97,"column":97},"end":{"line":97,"column":98}}]},"15":{"loc":{"start":{"line":97,"column":28},"end":{"line":97,"column":57}},"type":"binary-expr","locations":[{"start":{"line":97,"column":28},"end":{"line":97,"column":35}},{"start":{"line":97,"column":39},"end":{"line":97,"column":57}}]},"16":{"loc":{"start":{"line":97,"column":61},"end":{"line":97,"column":89}},"type":"binary-expr","locations":[{"start":{"line":97,"column":61},"end":{"line":97,"column":84}},{"start":{"line":97,"column":88},"end":{"line":97,"column":89}}]},"17":{"loc":{"start":{"line":109,"column":4},"end":{"line":109,"column":27}},"type":"if","locations":[{"start":{"line":109,"column":4},"end":{"line":109,"column":27}},{"start":{},"end":{}}]},"18":{"loc":{"start":{"line":118,"column":8},"end":{"line":118,"column":20}},"type":"if","locations":[{"start":{"line":118,"column":8},"end":{"line":118,"column":20}},{"start":{},"end":{}}]},"19":{"loc":{"start":{"line":118,"column":8},"end":{"line":118,"column":81}},"type":"binary-expr","locations":[{"start":{"line":118,"column":8},"end":{"line":118,"column":20}},{"start":{"line":118,"column":24},"end":{"line":118,"column":81}}]},"20":{"loc":{"start":{"line":137,"column":4},"end":{"line":137,"column":27}},"type":"if","locations":[{"start":{"line":137,"column":4},"end":{"line":137,"column":27}},{"start":{},"end":{}}]},"21":{"loc":{"start":{"line":143,"column":31},"end":{"line":143,"column":null}},"type":"switch","locations":[{"start":{"line":143,"column":31},"end":{"line":143,"column":null}}]},"22":{"loc":{"start":{"line":144,"column":4},"end":{"line":144,"column":35}},"type":"if","locations":[{"start":{"line":144,"column":4},"end":{"line":144,"column":35}},{"start":{},"end":{}}]},"23":{"loc":{"start":{"line":152,"column":4},"end":{"line":152,"column":39}},"type":"if","locations":[{"start":{"line":152,"column":4},"end":{"line":152,"column":39}},{"start":{},"end":{}}]},"24":{"loc":{"start":{"line":163,"column":4},"end":{"line":163,"column":27}},"type":"if","locations":[{"start":{"line":163,"column":4},"end":{"line":163,"column":27}},{"start":{},"end":{}}]},"25":{"loc":{"start":{"line":164,"column":19},"end":{"line":164,"column":31}},"type":"binary-expr","locations":[{"start":{"line":164,"column":19},"end":{"line":164,"column":25}},{"start":{"line":164,"column":29},"end":{"line":164,"column":31}}]},"26":{"loc":{"start":{"line":169,"column":36},"end":{"line":174,"column":null}},"type":"switch","locations":[{"start":{"line":169,"column":36},"end":{"line":174,"column":null}}]},"27":{"loc":{"start":{"line":176,"column":4},"end":{"line":176,"column":27}},"type":"if","locations":[{"start":{"line":176,"column":4},"end":{"line":176,"column":27}},{"start":{},"end":{}}]},"28":{"loc":{"start":{"line":177,"column":19},"end":{"line":177,"column":31}},"type":"binary-expr","locations":[{"start":{"line":177,"column":19},"end":{"line":177,"column":25}},{"start":{"line":177,"column":29},"end":{"line":177,"column":31}}]},"29":{"loc":{"start":{"line":197,"column":4},"end":{"line":199,"column":5}},"type":"if","locations":[{"start":{"line":197,"column":4},"end":{"line":199,"column":5}},{"start":{},"end":{}}]},"30":{"loc":{"start":{"line":197,"column":8},"end":{"line":197,"column":56}},"type":"binary-expr","locations":[{"start":{"line":197,"column":8},"end":{"line":197,"column":13}},{"start":{"line":197,"column":17},"end":{"line":197,"column":56}}]},"31":{"loc":{"start":{"line":208,"column":25},"end":{"line":208,"column":64}},"type":"binary-expr","locations":[{"start":{"line":208,"column":25},"end":{"line":208,"column":58}},{"start":{"line":208,"column":62},"end":{"line":208,"column":64}}]},"32":{"loc":{"start":{"line":208,"column":25},"end":{"line":208,"column":58}},"type":"cond-expr","locations":[{"start":{"line":208,"column":32},"end":{"line":208,"column":34}},{"start":{"line":208,"column":25},"end":{"line":208,"column":58}}]},"33":{"loc":{"start":{"line":208,"column":25},"end":{"line":208,"column":34}},"type":"binary-expr","locations":[{"start":{"line":208,"column":25},"end":{"line":208,"column":34}},{"start":{"line":208,"column":25},"end":{"line":208,"column":34}}]},"34":{"loc":{"start":{"line":211,"column":4},"end":{"line":213,"column":5}},"type":"if","locations":[{"start":{"line":211,"column":4},"end":{"line":213,"column":5}},{"start":{},"end":{}}]}},"s":{"0":1,"1":1,"2":0,"3":0,"4":0,"5":0,"6":0,"7":0,"8":0,"9":0,"10":0,"11":0,"12":0,"13":0,"14":0,"15":0,"16":0,"17":0,"18":0,"19":0,"20":0,"21":0,"22":0,"23":0,"24":0,"25":0,"26":0,"27":0,"28":0,"29":0,"30":0,"31":0,"32":0,"33":0,"34":0,"35":0,"36":0,"37":0,"38":0,"39":0,"40":0,"41":0,"42":0,"43":0,"44":0,"45":0,"46":0,"47":0,"48":0,"49":0,"50":0,"51":0,"52":0,"53":0,"54":0,"55":0,"56":0,"57":0,"58":0,"59":0,"60":0,"61":0,"62":0,"63":0,"64":0,"65":0,"66":0,"67":0,"68":0,"69":0,"70":0,"71":0,"72":0,"73":0,"74":0,"75":0,"76":0,"77":0,"78":0,"79":0,"80":0,"81":0,"82":0,"83":0,"84":0,"85":0,"86":0,"87":0,"88":0,"89":0,"90":0,"91":0,"92":0,"93":0,"94":0},"f":{"0":0,"1":0,"2":0,"3":0,"4":0,"5":0,"6":0,"7":0,"8":0,"9":0,"10":0,"11":0,"12":0},"b":{"0":[0],"1":[0,0],"2":[0,0],"3":[0,0],"4":[0,0],"5":[0,0],"6":[0,0],"7":[0,0],"8":[0,0],"9":[0,0],"10":[0,0],"11":[0,0],"12":[0,0],"13":[0,0],"14":[0,0],"15":[0,0],"16":[0,0],"17":[0,0],"18":[0,0],"19":[0,0],"20":[0,0],"21":[0],"22":[0,0],"23":[0,0],"24":[0,0],"25":[0,0],"26":[0],"27":[0,0],"28":[0,0],"29":[0,0],"30":[0,0],"31":[0,0],"32":[0,0],"33":[0,0],"34":[0,0]}}
,"C:\\Users\\USER\\Downloads\\Peravest\\src\\services\\ajoMemberScoringService.ts": {"path":"C:\\Users\\USER\\Downloads\\Peravest\\src\\services\\ajoMemberScoringService.ts","statementMap":{"0":{"start":{"line":1,"column":0},"end":{"line":1,"column":43}},"1":{"start":{"line":4,"column":0},"end":{"line":4,"column":13}},"2":{"start":{"line":7,"column":15},"end":{"line":24,"column":null}},"3":{"start":{"line":8,"column":30},"end":{"line":11,"column":null}},"4":{"start":{"line":8,"column":18},"end":{"line":8,"column":30}},"5":{"start":{"line":13,"column":4},"end":{"line":13,"column":53}},"6":{"start":{"line":13,"column":42},"end":{"line":13,"column":53}},"7":{"start":{"line":15,"column":10},"end":{"line":15,"column":46}},"8":{"start":{"line":16,"column":10},"end":{"line":16,"column":101}},"9":{"start":{"line":16,"column":52},"end":{"line":16,"column":93}},"10":{"start":{"line":17,"column":10},"end":{"line":17,"column":78}},"11":{"start":{"line":17,"column":50},"end":{"line":17,"column":70}},"12":{"start":{"line":18,"column":10},"end":{"line":18,"column":88}},"13":{"start":{"line":18,"column":55},"end":{"line":18,"column":80}},"14":{"start":{"line":21,"column":10},"end":{"line":21,"column":89}},"15":{"start":{"line":23,"column":4},"end":{"line":23,"column":43}},"16":{"start":{"line":27,"column":15},"end":{"line":35,"column":null}},"17":{"start":{"line":28,"column":18},"end":{"line":28,"column":null}},"18":{"start":{"line":28,"column":10},"end":{"line":28,"column":null}},"19":{"start":{"line":30,"column":4},"end":{"line":34,"column":31}},"20":{"start":{"line":38,"column":15},"end":{"line":65,"column":null}},"21":{"start":{"line":39,"column":18},"end":{"line":39,"column":null}},"22":{"start":{"line":39,"column":10},"end":{"line":39,"column":null}},"23":{"start":{"line":40,"column":10},"end":{"line":40,"column":26}},"24":{"start":{"line":42,"column":4},"end":{"line":47,"column":5}},"25":{"start":{"line":43,"column":6},"end":{"line":46,"column":8}},"26":{"start":{"line":50,"column":37},"end":{"line":55,"column":null}},"27":{"start":{"line":50,"column":18},"end":{"line":50,"column":37}},"28":{"start":{"line":57,"column":4},"end":{"line":62,"column":5}},"29":{"start":{"line":58,"column":6},"end":{"line":61,"column":8}},"30":{"start":{"line":64,"column":4},"end":{"line":64,"column":29}},"31":{"start":{"line":68,"column":15},"end":{"line":97,"column":null}},"32":{"start":{"line":76,"column":30},"end":{"line":79,"column":null}},"33":{"start":{"line":76,"column":18},"end":{"line":76,"column":30}},"34":{"start":{"line":81,"column":34},"end":{"line":85,"column":null}},"35":{"start":{"line":81,"column":18},"end":{"line":81,"column":34}},"36":{"start":{"line":87,"column":18},"end":{"line":87,"column":null}},"37":{"start":{"line":87,"column":10},"end":{"line":87,"column":null}},"38":{"start":{"line":89,"column":4},"end":{"line":96,"column":6}},"39":{"start":{"line":92,"column":50},"end":{"line":92,"column":92}},"40":{"start":{"line":93,"column":47},"end":{"line":93,"column":68}},"41":{"start":{"line":94,"column":52},"end":{"line":94,"column":78}},"42":{"start":{"line":98,"column":0},"end":{"line":98,"column":null}},"43":{"start":{"line":4,"column":13},"end":{"line":4,"column":36}}},"fnMap":{"0":{"name":"(anonymous_13)","decl":{"start":{"line":4,"column":0},"end":{"line":4,"column":13}},"loc":{"start":{"line":4,"column":0},"end":{"line":98,"column":1}}},"1":{"name":"(anonymous_15)","decl":{"start":{"line":7,"column":2},"end":{"line":7,"column":15}},"loc":{"start":{"line":7,"column":55},"end":{"line":24,"column":null}}},"2":{"name":"(anonymous_18)","decl":{"start":{"line":16,"column":47},"end":{"line":16,"column":48}},"loc":{"start":{"line":16,"column":48},"end":{"line":16,"column":53}}},"3":{"name":"(anonymous_19)","decl":{"start":{"line":17,"column":45},"end":{"line":17,"column":46}},"loc":{"start":{"line":17,"column":46},"end":{"line":17,"column":51}}},"4":{"name":"(anonymous_20)","decl":{"start":{"line":18,"column":50},"end":{"line":18,"column":51}},"loc":{"start":{"line":18,"column":51},"end":{"line":18,"column":56}}},"5":{"name":"(anonymous_21)","decl":{"start":{"line":27,"column":2},"end":{"line":27,"column":15}},"loc":{"start":{"line":27,"column":64},"end":{"line":35,"column":null}}},"6":{"name":"(anonymous_24)","decl":{"start":{"line":38,"column":2},"end":{"line":38,"column":15}},"loc":{"start":{"line":38,"column":42},"end":{"line":65,"column":null}}},"7":{"name":"(anonymous_27)","decl":{"start":{"line":68,"column":2},"end":{"line":68,"column":15}},"loc":{"start":{"line":68,"column":44},"end":{"line":97,"column":null}}},"8":{"name":"(anonymous_30)","decl":{"start":{"line":92,"column":45},"end":{"line":92,"column":46}},"loc":{"start":{"line":92,"column":46},"end":{"line":92,"column":51}}},"9":{"name":"(anonymous_31)","decl":{"start":{"line":93,"column":42},"end":{"line":93,"column":43}},"loc":{"start":{"line":93,"column":43},"end":{"line":93,"column":48}}},"10":{"name":"(anonymous_32)","decl":{"start":{"line":94,"column":47},"end":{"line":94,"column":48}},"loc":{"start":{"line":94,"column":48},"end":{"line":94,"column":53}}}},"branchMap":{"0":{"loc":{"start":{"line":8,"column":30},"end":{"line":11,"column":null}},"type":"switch","locations":[{"start":{"line":8,"column":30},"end":{"line":11,"column":null}}]},"1":{"loc":{"start":{"line":13,"column":4},"end":{"line":13,"column":53}},"type":"if","locations":[{"start":{"line":13,"column":4},"end":{"line":13,"column":53}},{"start":{},"end":{}}]},"2":{"loc":{"start":{"line":13,"column":8},"end":{"line":13,"column":40}},"type":"binary-expr","locations":[{"start":{"line":13,"column":8},"end":{"line":13,"column":16}},{"start":{"line":13,"column":20},"end":{"line":13,"column":40}}]},"3":{"loc":{"start":{"line":16,"column":52},"end":{"line":16,"column":92}},"type":"binary-expr","locations":[{"start":{"line":16,"column":52},"end":{"line":16,"column":71}},{"start":{"line":16,"column":75},"end":{"line":16,"column":92}}]},"4":{"loc":{"start":{"line":28,"column":18},"end":{"line":28,"column":null}},"type":"switch","locations":[{"start":{"line":28,"column":18},"end":{"line":28,"column":null}}]},"5":{"loc":{"start":{"line":39,"column":18},"end":{"line":39,"column":null}},"type":"switch","locations":[{"start":{"line":39,"column":18},"end":{"line":39,"column":null}}]},"6":{"loc":{"start":{"line":42,"column":4},"end":{"line":47,"column":5}},"type":"if","locations":[{"start":{"line":42,"column":4},"end":{"line":47,"column":5}},{"start":{},"end":{}}]},"7":{"loc":{"start":{"line":57,"column":4},"end":{"line":62,"column":5}},"type":"if","locations":[{"start":{"line":57,"column":4},"end":{"line":62,"column":5}},{"start":{},"end":{}}]},"8":{"loc":{"start":{"line":57,"column":8},"end":{"line":57,"column":51}},"type":"binary-expr","locations":[{"start":{"line":57,"column":8},"end":{"line":57,"column":22}},{"start":{"line":57,"column":26},"end":{"line":57,"column":51}}]},"9":{"loc":{"start":{"line":76,"column":30},"end":{"line":79,"column":null}},"type":"switch","locations":[{"start":{"line":76,"column":30},"end":{"line":79,"column":null}}]},"10":{"loc":{"start":{"line":91,"column":27},"end":{"line":91,"column":47}},"type":"binary-expr","locations":[{"start":{"line":91,"column":27},"end":{"line":91,"column":42}},{"start":{"line":91,"column":46},"end":{"line":91,"column":47}}]},"11":{"loc":{"start":{"line":91,"column":27},"end":{"line":91,"column":42}},"type":"cond-expr","locations":[{"start":{"line":91,"column":34},"end":{"line":91,"column":36}},{"start":{"line":91,"column":27},"end":{"line":91,"column":42}}]},"12":{"loc":{"start":{"line":91,"column":27},"end":{"line":91,"column":36}},"type":"binary-expr","locations":[{"start":{"line":91,"column":27},"end":{"line":91,"column":36}},{"start":{"line":91,"column":27},"end":{"line":91,"column":36}}]},"13":{"loc":{"start":{"line":92,"column":29},"end":{"line":92,"column":103}},"type":"binary-expr","locations":[{"start":{"line":92,"column":29},"end":{"line":92,"column":98}},{"start":{"line":92,"column":102},"end":{"line":92,"column":103}}]},"14":{"loc":{"start":{"line":92,"column":29},"end":{"line":92,"column":98}},"type":"cond-expr","locations":[{"start":{"line":92,"column":36},"end":{"line":92,"column":38}},{"start":{"line":92,"column":29},"end":{"line":92,"column":98}}]},"15":{"loc":{"start":{"line":92,"column":29},"end":{"line":92,"column":38}},"type":"binary-expr","locations":[{"start":{"line":92,"column":29},"end":{"line":92,"column":38}},{"start":{"line":92,"column":29},"end":{"line":92,"column":38}}]},"16":{"loc":{"start":{"line":92,"column":50},"end":{"line":92,"column":90}},"type":"binary-expr","locations":[{"start":{"line":92,"column":50},"end":{"line":92,"column":69}},{"start":{"line":92,"column":73},"end":{"line":92,"column":90}}]},"17":{"loc":{"start":{"line":93,"column":26},"end":{"line":93,"column":79}},"type":"binary-expr","locations":[{"start":{"line":93,"column":26},"end":{"line":93,"column":74}},{"start":{"line":93,"column":78},"end":{"line":93,"column":79}}]},"18":{"loc":{"start":{"line":93,"column":26},"end":{"line":93,"column":74}},"type":"cond-expr","locations":[{"start":{"line":93,"column":33},"end":{"line":93,"column":35}},{"start":{"line":93,"column":26},"end":{"line":93,"column":74}}]},"19":{"loc":{"start":{"line":93,"column":26},"end":{"line":93,"column":35}},"type":"binary-expr","locations":[{"start":{"line":93,"column":26},"end":{"line":93,"column":35}},{"start":{"line":93,"column":26},"end":{"line":93,"column":35}}]},"20":{"loc":{"start":{"line":94,"column":31},"end":{"line":94,"column":89}},"type":"binary-expr","locations":[{"start":{"line":94,"column":31},"end":{"line":94,"column":84}},{"start":{"line":94,"column":88},"end":{"line":94,"column":89}}]},"21":{"loc":{"start":{"line":94,"column":31},"end":{"line":94,"column":84}},"type":"cond-expr","locations":[{"start":{"line":94,"column":38},"end":{"line":94,"column":40}},{"start":{"line":94,"column":31},"end":{"line":94,"column":84}}]},"22":{"loc":{"start":{"line":94,"column":31},"end":{"line":94,"column":40}},"type":"binary-expr","locations":[{"start":{"line":94,"column":31},"end":{"line":94,"column":40}},{"start":{"line":94,"column":31},"end":{"line":94,"column":40}}]},"23":{"loc":{"start":{"line":95,"column":21},"end":{"line":95,"column":45}},"type":"binary-expr","locations":[{"start":{"line":95,"column":21},"end":{"line":95,"column":40}},{"start":{"line":95,"column":44},"end":{"line":95,"column":45}}]},"24":{"loc":{"start":{"line":95,"column":21},"end":{"line":95,"column":40}},"type":"cond-expr","locations":[{"start":{"line":95,"column":32},"end":{"line":95,"column":34}},{"start":{"line":95,"column":21},"end":{"line":95,"column":40}}]},"25":{"loc":{"start":{"line":95,"column":21},"end":{"line":95,"column":34}},"type":"binary-expr","locations":[{"start":{"line":95,"column":21},"end":{"line":95,"column":34}},{"start":{"line":95,"column":21},"end":{"line":95,"column":34}}]}},"s":{"0":0,"1":0,"2":0,"3":0,"4":0,"5":0,"6":0,"7":0,"8":0,"9":0,"10":0,"11":0,"12":0,"13":0,"14":0,"15":0,"16":0,"17":0,"18":0,"19":0,"20":0,"21":0,"22":0,"23":0,"24":0,"25":0,"26":0,"27":0,"28":0,"29":0,"30":0,"31":0,"32":0,"33":0,"34":0,"35":0,"36":0,"37":0,"38":0,"39":0,"40":0,"41":0,"42":0,"43":0},"f":{"0":0,"1":0,"2":0,"3":0,"4":0,"5":0,"6":0,"7":0,"8":0,"9":0,"10":0},"b":{"0":[0],"1":[0,0],"2":[0,0],"3":[0,0],"4":[0],"5":[0],"6":[0,0],"7":[0,0],"8":[0,0],"9":[0],"10":[0,0],"11":[0,0],"12":[0,0],"13":[0,0],"14":[0,0],"15":[0,0],"16":[0,0],"17":[0,0],"18":[0,0],"19":[0,0],"20":[0,0],"21":[0,0],"22":[0,0],"23":[0,0],"24":[0,0],"25":[0,0]}}
,"C:\\Users\\USER\\Downloads\\Peravest\\src\\services\\ajoPayoutScheduler.ts": {"path":"C:\\Users\\USER\\Downloads\\Peravest\\src\\services\\ajoPayoutScheduler.ts","statementMap":{"0":{"start":{"line":1,"column":0},"end":{"line":1,"column":43}},"1":{"start":{"line":4,"column":13},"end":{"line":204,"column":2}},"2":{"start":{"line":6,"column":48},"end":{"line":26,"column":null}},"3":{"start":{"line":8,"column":28},"end":{"line":12,"column":null}},"4":{"start":{"line":8,"column":18},"end":{"line":8,"column":28}},"5":{"start":{"line":14,"column":4},"end":{"line":14,"column":51}},"6":{"start":{"line":14,"column":16},"end":{"line":14,"column":51}},"7":{"start":{"line":17,"column":32},"end":{"line":23,"column":null}},"8":{"start":{"line":17,"column":18},"end":{"line":17,"column":32}},"9":{"start":{"line":25,"column":4},"end":{"line":25,"column":25}},"10":{"start":{"line":29,"column":44},"end":{"line":36,"column":null}},"11":{"start":{"line":30,"column":28},"end":{"line":32,"column":null}},"12":{"start":{"line":30,"column":10},"end":{"line":30,"column":28}},"13":{"start":{"line":34,"column":4},"end":{"line":34,"column":27}},"14":{"start":{"line":34,"column":15},"end":{"line":34,"column":27}},"15":{"start":{"line":35,"column":4},"end":{"line":35,"column":16}},"16":{"start":{"line":39,"column":67},"end":{"line":98,"column":null}},"17":{"start":{"line":45,"column":29},"end":{"line":50,"column":null}},"18":{"start":{"line":45,"column":18},"end":{"line":45,"column":29}},"19":{"start":{"line":52,"column":4},"end":{"line":54,"column":5}},"20":{"start":{"line":53,"column":6},"end":{"line":53,"column":71}},"21":{"start":{"line":56,"column":4},"end":{"line":58,"column":5}},"22":{"start":{"line":57,"column":6},"end":{"line":57,"column":72}},"23":{"start":{"line":60,"column":4},"end":{"line":62,"column":5}},"24":{"start":{"line":61,"column":6},"end":{"line":61,"column":68}},"25":{"start":{"line":65,"column":28},"end":{"line":69,"column":null}},"26":{"start":{"line":65,"column":18},"end":{"line":65,"column":28}},"27":{"start":{"line":71,"column":4},"end":{"line":73,"column":5}},"28":{"start":{"line":72,"column":6},"end":{"line":72,"column":64}},"29":{"start":{"line":75,"column":10},"end":{"line":75,"column":75}},"30":{"start":{"line":77,"column":4},"end":{"line":83,"column":5}},"31":{"start":{"line":78,"column":6},"end":{"line":82,"column":8}},"32":{"start":{"line":86,"column":35},"end":{"line":91,"column":null}},"33":{"start":{"line":86,"column":18},"end":{"line":86,"column":35}},"34":{"start":{"line":93,"column":4},"end":{"line":95,"column":5}},"35":{"start":{"line":94,"column":6},"end":{"line":94,"column":79}},"36":{"start":{"line":97,"column":4},"end":{"line":97,"column":30}},"37":{"start":{"line":101,"column":41},"end":{"line":155,"column":null}},"38":{"start":{"line":102,"column":28},"end":{"line":106,"column":null}},"39":{"start":{"line":102,"column":18},"end":{"line":102,"column":28}},"40":{"start":{"line":108,"column":4},"end":{"line":108,"column":51}},"41":{"start":{"line":108,"column":16},"end":{"line":108,"column":51}},"42":{"start":{"line":110,"column":10},"end":{"line":110,"column":52}},"43":{"start":{"line":113,"column":10},"end":{"line":113,"column":33}},"44":{"start":{"line":114,"column":10},"end":{"line":114,"column":40}},"45":{"start":{"line":116,"column":4},"end":{"line":120,"column":5}},"46":{"start":{"line":117,"column":6},"end":{"line":117,"column":45}},"47":{"start":{"line":119,"column":6},"end":{"line":119,"column":47}},"48":{"start":{"line":122,"column":10},"end":{"line":122,"column":51}},"49":{"start":{"line":123,"column":4},"end":{"line":123,"column":69}},"50":{"start":{"line":126,"column":26},"end":{"line":126,"column":null}},"51":{"start":{"line":126,"column":12},"end":{"line":126,"column":26}},"52":{"start":{"line":128,"column":35},"end":{"line":141,"column":null}},"53":{"start":{"line":128,"column":10},"end":{"line":128,"column":35}},"54":{"start":{"line":143,"column":4},"end":{"line":143,"column":27}},"55":{"start":{"line":143,"column":15},"end":{"line":143,"column":27}},"56":{"start":{"line":146,"column":4},"end":{"line":152,"column":25}},"57":{"start":{"line":154,"column":4},"end":{"line":154,"column":21}},"58":{"start":{"line":158,"column":43},"end":{"line":203,"column":null}},"59":{"start":{"line":166,"column":30},"end":{"line":171,"column":null}},"60":{"start":{"line":166,"column":18},"end":{"line":166,"column":30}},"61":{"start":{"line":173,"column":28},"end":{"line":177,"column":null}},"62":{"start":{"line":173,"column":18},"end":{"line":173,"column":28}},"63":{"start":{"line":179,"column":4},"end":{"line":179,"column":52}},"64":{"start":{"line":179,"column":28},"end":{"line":179,"column":52}},"65":{"start":{"line":181,"column":10},"end":{"line":200,"column":7}},"66":{"start":{"line":182,"column":26},"end":{"line":182,"column":60}},"67":{"start":{"line":185,"column":24},"end":{"line":185,"column":64}},"68":{"start":{"line":186,"column":25},"end":{"line":186,"column":44}},"69":{"start":{"line":188,"column":6},"end":{"line":192,"column":7}},"70":{"start":{"line":189,"column":8},"end":{"line":189,"column":73}},"71":{"start":{"line":191,"column":8},"end":{"line":191,"column":71}},"72":{"start":{"line":194,"column":6},"end":{"line":199,"column":8}},"73":{"start":{"line":202,"column":4},"end":{"line":202,"column":24}},"74":{"start":{"line":207,"column":13},"end":{"line":296,"column":2}}},"fnMap":{"0":{"name":"(anonymous_13)","decl":{"start":{"line":6,"column":26},"end":{"line":6,"column":33}},"loc":{"start":{"line":6,"column":48},"end":{"line":26,"column":null}}},"1":{"name":"(anonymous_14)","decl":{"start":{"line":6,"column":58},"end":{"line":6,"column":null}},"loc":{"start":{"line":6,"column":58},"end":{"line":26,"column":null}}},"2":{"name":"(anonymous_16)","decl":{"start":{"line":29,"column":22},"end":{"line":29,"column":29}},"loc":{"start":{"line":29,"column":44},"end":{"line":36,"column":null}}},"3":{"name":"(anonymous_17)","decl":{"start":{"line":29,"column":54},"end":{"line":29,"column":null}},"loc":{"start":{"line":29,"column":54},"end":{"line":36,"column":null}}},"4":{"name":"(anonymous_19)","decl":{"start":{"line":39,"column":29},"end":{"line":39,"column":36}},"loc":{"start":{"line":39,"column":67},"end":{"line":98,"column":null}}},"5":{"name":"(anonymous_20)","decl":{"start":{"line":39,"column":77},"end":{"line":39,"column":null}},"loc":{"start":{"line":39,"column":77},"end":{"line":98,"column":null}}},"6":{"name":"(anonymous_22)","decl":{"start":{"line":101,"column":19},"end":{"line":101,"column":26}},"loc":{"start":{"line":101,"column":41},"end":{"line":155,"column":null}}},"7":{"name":"(anonymous_23)","decl":{"start":{"line":101,"column":51},"end":{"line":101,"column":null}},"loc":{"start":{"line":101,"column":51},"end":{"line":155,"column":null}}},"8":{"name":"(anonymous_25)","decl":{"start":{"line":158,"column":21},"end":{"line":158,"column":28}},"loc":{"start":{"line":158,"column":43},"end":{"line":203,"column":null}}},"9":{"name":"(anonymous_26)","decl":{"start":{"line":158,"column":53},"end":{"line":158,"column":null}},"loc":{"start":{"line":158,"column":53},"end":{"line":203,"column":null}}},"10":{"name":"(anonymous_28)","decl":{"start":{"line":181,"column":33},"end":{"line":181,"column":34}},"loc":{"start":{"line":181,"column":47},"end":{"line":200,"column":5}}}},"branchMap":{"0":{"loc":{"start":{"line":8,"column":28},"end":{"line":12,"column":null}},"type":"switch","locations":[{"start":{"line":8,"column":28},"end":{"line":12,"column":null}}]},"1":{"loc":{"start":{"line":14,"column":4},"end":{"line":14,"column":51}},"type":"if","locations":[{"start":{"line":14,"column":4},"end":{"line":14,"column":51}},{"start":{},"end":{}}]},"2":{"loc":{"start":{"line":30,"column":28},"end":{"line":32,"column":null}},"type":"switch","locations":[{"start":{"line":30,"column":28},"end":{"line":32,"column":null}}]},"3":{"loc":{"start":{"line":34,"column":4},"end":{"line":34,"column":27}},"type":"if","locations":[{"start":{"line":34,"column":4},"end":{"line":34,"column":27}},{"start":{},"end":{}}]},"4":{"loc":{"s
[...]
c":{"start":{"line":253,"column":25},"end":{"line":253,"column":43}},"type":"binary-expr","locations":[{"start":{"line":253,"column":25},"end":{"line":253,"column":43}},{"start":{"line":253,"column":25},"end":{"line":253,"column":43}}]},"20":{"loc":{"start":{"line":254,"column":29},"end":{"line":256,"column":10}},"type":"binary-expr","locations":[{"start":{"line":254,"column":29},"end":{"line":255,"column":null}},{"start":{"line":256,"column":9},"end":{"line":256,"column":10}}]},"21":{"loc":{"start":{"line":254,"column":29},"end":{"line":255,"column":null}},"type":"cond-expr","locations":[{"start":{"line":254,"column":45},"end":{"line":254,"column":47}},{"start":{"line":254,"column":29},"end":{"line":255,"column":null}}]},"22":{"loc":{"start":{"line":254,"column":29},"end":{"line":254,"column":47}},"type":"binary-expr","locations":[{"start":{"line":254,"column":29},"end":{"line":254,"column":47}},{"start":{"line":254,"column":29},"end":{"line":254,"column":47}}]},"23":{"loc":{"start":{"line":266,"column":26},"end":{"line":268,"column":10}},"type":"binary-expr","locations":[{"start":{"line":266,"column":26},"end":{"line":267,"column":null}},{"start":{"line":268,"column":9},"end":{"line":268,"column":10}}]},"24":{"loc":{"start":{"line":266,"column":26},"end":{"line":267,"column":null}},"type":"cond-expr","locations":[{"start":{"line":266,"column":38},"end":{"line":266,"column":40}},{"start":{"line":266,"column":26},"end":{"line":267,"column":null}}]},"25":{"loc":{"start":{"line":266,"column":26},"end":{"line":266,"column":40}},"type":"binary-expr","locations":[{"start":{"line":266,"column":26},"end":{"line":266,"column":40}},{"start":{"line":266,"column":26},"end":{"line":266,"column":40}}]},"26":{"loc":{"start":{"line":271,"column":26},"end":{"line":273,"column":14}},"type":"binary-expr","locations":[{"start":{"line":271,"column":26},"end":{"line":272,"column":null}},{"start":{"line":273,"column":9},"end":{"line":273,"column":14}}]},"27":{"loc":{"start":{"line":271,"column":26},"end":{"line":272,"column":null}},"type":"cond-expr","locations":[{"start":{"line":271,"column":42},"end":{"line":271,"column":44}},{"start":{"line":271,"column":26},"end":{"line":272,"column":null}}]},"28":{"loc":{"start":{"line":271,"column":26},"end":{"line":271,"column":44}},"type":"binary-expr","locations":[{"start":{"line":271,"column":26},"end":{"line":271,"column":44}},{"start":{"line":271,"column":26},"end":{"line":271,"column":44}}]},"29":{"loc":{"start":{"line":272,"column":11},"end":{"line":272,"column":65}},"type":"binary-expr","locations":[{"start":{"line":272,"column":11},"end":{"line":272,"column":29}},{"start":{"line":272,"column":33},"end":{"line":272,"column":65}}]}},"s":{"0":0,"1":0,"2":0,"3":0,"4":0,"5":0,"6":0,"7":0,"8":0,"9":0,"10":0,"11":0,"12":0,"13":0,"14":0,"15":0,"16":0,"17":0,"18":0,"19":0,"20":0,"21":0,"22":0,"23":0,"24":0,"25":0,"26":0,"27":0,"28":0,"29":0,"30":0,"31":0,"32":0,"33":0,"34":0,"35":0,"36":0,"37":0,"38":0,"39":0,"40":0,"41":0,"42":0,"43":0,"44":0,"45":0,"46":0,"47":0,"48":0,"49":0,"50":0,"51":0,"52":0,"53":0,"54":0,"55":0,"56":0,"57":0,"58":0,"59":0,"60":0,"61":0,"62":0,"63":0,"64":0,"65":0},"f":{"0":0,"1":0,"2":0,"3":0,"4":0,"5":0,"6":0,"7":0,"8":0,"9":0,"10":0,"11":0},"b":{"0":[0,0,0],"1":[0,0],"2":[0,0],"3":[0,0],"4":[0,0],"5":[0,0],"6":[0],"7":[0],"8":[0,0],"9":[0,0],"10":[0],"11":[0,0],"12":[0,0],"13":[0],"14":[0,0],"15":[0,0],"16":[0],"17":[0,0],"18":[0,0],"19":[0,0],"20":[0,0],"21":[0,0],"22":[0,0],"23":[0,0],"24":[0,0],"25":[0,0],"26":[0,0],"27":[0,0],"28":[0,0],"29":[0,0]}}
,"C:\\Users\\USER\\Downloads\\Peravest\\src\\services\\userService.ts": {"path":"C:\\Users\\USER\\Downloads\\Peravest\\src\\services\\userService.ts","statementMap":{"0":{"start":{"line":1,"column":0},"end":{"line":1,"column":35}},"1":{"start":{"line":3,"column":13},"end":{"line":18,"column":2}},"2":{"start":{"line":4,"column":10},"end":{"line":7,"column":null}},"3":{"start":{"line":5,"column":21},"end":{"line":5,"column":null}},"4":{"start":{"line":5,"column":10},"end":{"line":5,"column":null}},"5":{"start":{"line":6,"column":4},"end":{"line":6,"column":25}},"6":{"start":{"line":9,"column":33},"end":{"line":12,"column":null}},"7":{"start":{"line":10,"column":21},"end":{"line":10,"column":null}},"8":{"start":{"line":10,"column":10},"end":{"line":10,"column":null}},"9":{"start":{"line":11,"column":4},"end":{"line":11,"column":25}},"10":{"start":{"line":14,"column":18},"end":{"line":17,"column":null}},"11":{"start":{"line":15,"column":21},"end":{"line":15,"column":null}},"12":{"start":{"line":15,"column":10},"end":{"line":15,"column":null}},"13":{"start":{"line":16,"column":4},"end":{"line":16,"column":25}}},"fnMap":{"0":{"name":"(anonymous_13)","decl":{"start":{"line":4,"column":10},"end":{"line":4,"column":null}},"loc":{"start":{"line":4,"column":10},"end":{"line":7,"column":null}}},"1":{"name":"(anonymous_16)","decl":{"start":{"line":9,"column":17},"end":{"line":9,"column":24}},"loc":{"start":{"line":9,"column":33},"end":{"line":12,"column":null}}},"2":{"name":"(anonymous_17)","decl":{"start":{"line":9,"column":33},"end":{"line":9,"column":null}},"loc":{"start":{"line":9,"column":33},"end":{"line":12,"column":null}}},"3":{"name":"(anonymous_19)","decl":{"start":{"line":14,"column":18},"end":{"line":14,"column":null}},"loc":{"start":{"line":14,"column":18},"end":{"line":17,"column":null}}}},"branchMap":{"0":{"loc":{"start":{"line":5,"column":21},"end":{"line":5,"column":null}},"type":"switch","locations":[{"start":{"line":5,"column":21},"end":{"line":5,"column":null}}]},"1":{"loc":{"start":{"line":10,"column":21},"end":{"line":10,"column":null}},"type":"switch","locations":[{"start":{"line":10,"column":21},"end":{"line":10,"column":null}}]},"2":{"loc":{"start":{"line":15,"column":21},"end":{"line":15,"column":null}},"type":"switch","locations":[{"start":{"line":15,"column":21},"end":{"line":15,"column":null}}]}},"s":{"0":0,"1":0,"2":0,"3":0,"4":0,"5":0,"6":0,"7":0,"8":0,"9":0,"10":0,"11":0,"12":0,"13":0},"f":{"0":0,"1":0,"2":0,"3":0},"b":{"0":[0],"1":[0],"2":[0]}}
,"C:\\Users\\USER\\Downloads\\Peravest\\src\\services\\withdrawalService.ts": {"path":"C:\\Users\\USER\\Downloads\\Peravest\\src\\services\\withdrawalService.ts","statementMap":{"0":{"start":{"line":1,"column":0},"end":{"line":1,"column":43}},"1":{"start":{"line":3,"column":13},"end":{"line":157,"column":2}},"2":{"start":{"line":4,"column":26},"end":{"line":31,"column":null}},"3":{"start":{"line":5,"column":31},"end":{"line":5,"column":null}},"4":{"start":{"line":5,"column":20},"end":{"line":5,"column":31}},"5":{"start":{"line":6,"column":4},"end":{"line":6,"column":52}},"6":{"start":{"line":6,"column":15},"end":{"line":6,"column":52}},"7":{"start":{"line":8,"column":31},"end":{"line":12,"column":null}},"8":{"start":{"line":8,"column":18},"end":{"line":8,"column":31}},"9":{"start":{"line":14,"column":4},"end":{"line":14,"column":53}},"10":{"start":{"line":14,"column":19},"end":{"line":14,"column":53}},"11":{"start":{"line":16,"column":40},"end":{"line":27,"column":null}},"12":{"start":{"line":16,"column":10},"end":{"line":16,"column":40}},"13":{"start":{"line":29,"column":4},"end":{"line":29,"column":27}},"14":{"start":{"line":29,"column":15},"end":{"line":29,"column":27}},"15":{"start":{"line":30,"column":4},"end":{"line":30,"column":22}},"16":{"start":{"line":33,"column":37},"end":{"line":35,"column":null}},"17":{"start":{"line":34,"column":4},"end":{"line":34,"column":42}},"18":{"start":{"line":37,"column":22},"end":{"line":57,"column":null}},"19":{"start":{"line":38,"column":31},"end":{"line":38,"column":null}},"20":{"start":{"line":38,"column":20},"end":{"line":38,"column":31}},"21":{"start":{"line":39,"column":4},"end":{"line":39,"column":52}},"22":{"start":{"line":39,"column":15},"end":{"line":39,"column":52}},"23":{"start":{"line":41,"column":31},"end":{"line":45,"column":null}},"24":{"start":{"line":41,"column":18},"end":{"line":41,"column":31}},"25":{"start":{"line":47,"column":4},"end":{"line":47,"column":39}},"26":{"start":{"line":47,"column":19},"end":{"line":47,"column":39}},"27":{"start":{"line":49,"column":28},"end":{"line":53,"column":null}},"28":{"start":{"line":49,"column":10},"end":{"line":49,"column":28}},"29":{"start":{"line":55,"column":4},"end":{"line":55,"column":27}},"30":{"start":{"line":55,"column":15},"end":{"line":55,"column":27}},"31":{"start":{"line":56,"column":4},"end":{"line":56,"column":32}},"32":{"start":{"line":59,"column":14},"end":{"line":61,"column":null}},"33":{"start":{"line":60,"column":4},"end":{"line":60,"column":50}},"34":{"start":{"line":63,"column":23},"end":{"line":85,"column":null}},"35":{"start":{"line":64,"column":31},"end":{"line":64,"column":null}},"36":{"start":{"line":64,"column":20},"end":{"line":64,"column":31}},"37":{"start":{"line":65,"column":4},"end":{"line":65,"column":52}},"38":{"start":{"line":65,"column":15},"end":{"line":65,"column":52}},"39":{"start":{"line":67,"column":31},"end":{"line":71,"column":null}},"40":{"start":{"line":67,"column":18},"end":{"line":67,"column":31}},"41":{"start":{"line":73,"column":4},"end":{"line":73,"column":51}},"42":{"start":{"line":73,"column":19},"end":{"line":73,"column":51}},"43":{"start":{"line":75,"column":34},"end":{"line":78,"column":null}},"44":{"start":{"line":75,"column":18},"end":{"line":75,"column":34}},"45":{"start":{"line":80,"column":10},"end":{"line":82,"column":15}},"46":{"start":{"line":81,"column":6},"end":{"line":81,"column":70}},"47":{"start":{"line":84,"column":4},"end":{"line":84,"column":33}},"48":{"start":{"line":87,"column":19},"end":{"line":106,"column":null}},"49":{"start":{"line":88,"column":31},"end":{"line":88,"column":null}},"50":{"start":{"line":88,"column":20},"end":{"line":88,"column":31}},"51":{"start":{"line":89,"column":4},"end":{"line":89,"column":52}},"52":{"start":{"line":89,"column":15},"end":{"line":89,"column":52}},"53":{"start":{"line":91,"column":31},"end":{"line":95,"column":null}},"54":{"start":{"line":91,"column":18},"end":{"line":91,"column":31}},"55":{"start":{"line":97,"column":4},"end":{"line":105,"column":6}},"56":{"start":{"line":108,"column":34},"end":{"line":156,"column":null}},"57":{"start":{"line":109,"column":4},"end":{"line":109,"column":62}},"58":{"start":{"line":110,"column":4},"end":{"line":110,"column":40}},"59":{"start":{"line":113,"column":33},"end":{"line":113,"column":null}},"60":{"start":{"line":113,"column":22},"end":{"line":113,"column":33}},"61":{"start":{"line":114,"column":6},"end":{"line":114,"column":51}},"62":{"start":{"line":116,"column":6},"end":{"line":116,"column":54}},"63":{"start":{"line":116,"column":17},"end":{"line":116,"column":54}},"64":{"start":{"line":118,"column":6},"end":{"line":118,"column":70}},"65":{"start":{"line":119,"column":51},"end":{"line":123,"column":null}},"66":{"start":{"line":119,"column":12},"end":{"line":119,"column":51}},"67":{"start":{"line":125,"column":6},"end":{"line":125,"column":63}},"68":{"start":{"line":127,"column":6},"end":{"line":130,"column":7}},"69":{"start":{"line":128,"column":8},"end":{"line":128,"column":54}},"70":{"start":{"line":129,"column":8},"end":{"line":129,"column":90}},"71":{"start":{"line":132,"column":6},"end":{"line":132,"column":67}},"72":{"start":{"line":132,"column":21},"end":{"line":132,"column":67}},"73":{"start":{"line":134,"column":6},"end":{"line":134,"column":69}},"74":{"start":{"line":135,"column":37},"end":{"line":141,"column":null}},"75":{"start":{"line":135,"column":21},"end":{"line":135,"column":37}},"76":{"start":{"line":143,"column":6},"end":{"line":143,"column":56}},"77":{"start":{"line":145,"column":6},"end":{"line":148,"column":7}},"78":{"start":{"line":146,"column":8},"end":{"line":146,"column":54}},"79":{"start":{"line":147,"column":8},"end":{"line":147,"column":93}},"80":{"start":{"line":150,"column":6},"end":{"line":150,"column":55}},"81":{"start":{"line":151,"column":6},"end":{"line":151,"column":60}},"82":{"start":{"line":153,"column":6},"end":{"line":153,"column":61}},"83":{"start":{"line":154,"column":6},"end":{"line":154,"column":18}}},"fnMap":{"0":{"name":"(anonymous_15)","decl":{"start":{"line":4,"column":10},"end":{"line":4,"column":17}},"loc":{"start":{"line":4,"column":26},"end":{"line":31,"column":null}}},"1":{"name":"(anonymous_16)","decl":{"start":{"line":4,"column":26},"end":{"line":4,"column":null}},"loc":{"start":{"line":4,"column":26},"end":{"line":31,"column":null}}},"2":{"name":"(anonymous_18)","decl":{"start":{"line":33,"column":21},"end":{"line":33,"column":28}},"loc":{"start":{"line":33,"column":37},"end":{"line":35,"column":null}}},"3":{"name":"(anonymous_19)","decl":{"start":{"line":33,"column":37},"end":{"line":33,"column":null}},"loc":{"start":{"line":33,"column":37},"end":{"line":35,"column":null}}},"4":{"name":"(anonymous_21)","decl":{"start":{"line":37,"column":22},"end":{"line":37,"column":null}},"loc":{"start":{"line":37,"column":22},"end":{"line":57,"column":null}}},"5":{"name":"(anonymous_24)","decl":{"start":{"line":59,"column":14},"end":{"line":59,"column":null}},"loc":{"start":{"line":59,"column":14},"end":{"line":61,"column":null}}},"6":{"name":"(anonymous_27)","decl":{"start":{"line":63,"column":23},"end":{"line":63,"column":null}},"loc":{"start":{"line":63,"column":23},"end":{"line":85,"column":null}}},"7":{"name":"(anonymous_30)","decl":{"start":{"line":80,"column":40},"end":{"line":80,"column":41}},"loc":{"start":{"line":80,"column":49},"end":{"line":82,"column":5}}},"8":{"name":"(anonymous_31)","decl":{"start":{"line":87,"column":19},"end":{"line":87,"column":null}},"loc":{"start":{"line":87,"column":19},"end":{"line":106,"column":null}}},"9":{"name":"(anonymous_34)","decl":{"start":{"line":108,"column":18},"end":{"line":108,"column":25}},"loc":{"start":{"line":108,"column":34},"end":{"line":156,"column":null}}},"10":{"name":"(anonymous_35)","decl":{"start":{"line":108,"column":34},"end":{"line":108,"column":null}},"loc":{"start":{"line":108,"column":34},"end":{"line":156,"column":null}}}},"branchMap":{"0":{"loc":{"start":{"line":5,"column":31},"end":{"line":5,"column":null}},"type":"switch","locations":[{"start":{"line":5,"column":31},"end":{"line":5,"column":null}}]},"1":{"loc":{"start":{"line":6,"column":4},"end":{"line":6,"column":52}},"type":"if","locations":[{"start":{"line":6,"column":4},"end":{"line":6,"column":52}},{"start":{},"end":{}}]},"2":{"loc":{"start":{"line":14,"column":4},"end":{"line":14,"column":53}},"type":"if","locations":[{"start":{"line":14,"column":4},"end":{"line":14,"column":53}},{"start":{},"end":{}}]},"3":{"loc":{"start":{"line":29,"column":4},"end":{"line":29,"column":27}},"type":"if","locations":[{"start":{"line":29,"column":4},"end":{"line":29,"column":27}},{"start":{},"end":{}}]},"4":{"loc":{"start":{"line":38,"column":31},"end":{"line":38,"column":null}},"type":"switch","locations":[{"start":{"line":38,"column":31},"end":{"line":38,"column":null}}]},"5":{"loc":{"start":{"line":39,"column":4},"end":{"line":39,"column":52}},"type":"if","locations":[{"start":{"line":39,"column":4},"end":{"line":39,"column":52}},{"start":{},"end":{}}]},"6":{"loc":{"start":{"line":47,"column":4},"end":{"line":47,"column":39}},"type":"if","locations":[{"start":{"line":47,"column":4},"end":{"line":47,"column":39}},{"start":{},"end":{}}]},"7":{"loc":{"start":{"line":55,"column":4},"end":{"line":55,"column":27}},"type":"if","locations":[{"start":{"line":55,"column":4},"end":{"line":55,"column":27}},{"start":{},"end":{}}]},"8":{"loc":{"start":{"line":56,"column":19},"end":{"line":56,"column":29}},"type":"binary-expr","locations":[{"start":{"line":56,"column":19},"end":{"line":56,"column":23}},{"start":{"line":56,"column":27},"end":{"line":56,"column":29}}]},"9":{"loc":{"start":{"line":64,"column":31},"end":{"line":64,"column":null}},"type":"switch","locations":[{"start":{"line":64,"column":31},"end":{"line":64,"column":null}}]},"10":{"loc":{"start":{"line":65,"column":4},"end":{"line":65,"column":52}},"type":"if","locations":[{"start":{"line":65,"column":4},"end":{"line":65,"column":52}},{"start":{},"end":{}}]},"11":{"loc":{"start":{"line":73,"column":4},"end":{"line":73,"column":51}},"type":"if","locations":[{"start":{"line":73,"column":4},"end":{"line":73,"column":51}},{"start":{},"end":{}}]},"12":{"loc":{"start":{"line":80,"column":20},"end":{"line":82,"column":14}},"type":"binary-expr","locations":[{"start":{"line":80,"column":20},"end":{"line":82,"column":9}},{"start":{"line":82,"column":13},"end":{"line":82,"column":14}}]},"13":{"loc":{"start":{"line":80,"column":20},"end":{"line":82,"column":9}},"type":"cond-expr","locations":[{"start":{"line":80,"column":31},"end":{"line":80,"column":33}},{"start":{"line":80,"column":20},"end":{"line":82,"column":9}}]},"14":{"loc":{"start":{"line":80,"column":20},"end":{"line":80,"column":33}},"type":"binary-expr","locations":[{"start":{"line":80,"column":20},"end":{"line":80,"column":33}},{"start":{"line":80,"column":20},"end":{"line":80,"column":33}}]},"15":{"loc":{"start":{"line":81,"column":51},"end":{"line":81,"column":68}},"type":"binary-expr","locations":[{"start":{"line":81,"column":51},"end":{"line":81,"column":63}},{"start":{"line":81,"column":67},"end":{"line":81,"column":68}}]},"16":{"loc":{"start":{"line":88,"column":31},"end":{"line":88,"column":null}},"type":"switch","locations":[{"start":{"line":88,"column":31},"end":{"line":88,"column":null}}]},"17":{"loc":{"start":{"line":89,"column":4},"end":{"line":89,"column":52}},"type":"if","locations":[{"start":{"line":89,"column":4},"end":{"line":89,"column":52}},{"start":{},"end":{}}]},"18":{"loc":{"start":{"line":98,"column":12},"end":{"line":104,"column":13}},"type":"cond-expr","locations":[{"start":{"line":98,"column":23},"end":{"line":104,"column":8}},{"start":{"line":104,"column":11},"end":{"line":104,"column":13}}]},"19":{"loc":{"start":{"line":114,"column":38},"end":{"line":114,"column":49}},"type":"cond-expr","locations":[{"start":{"line":114,"column":42},"end":{"line":114,"column":44}},{"start":{"line":114,"column":38},"end":{"line":114,"column":49}}]},"20":{"loc":{"start":{"line":114,"column":38},"end":{"line":114,"column":44}},"type":"binary-expr","locations":[{"start":{"line":114,"column":38},"end":{"line":114,"column":44}},{"start":{"line":114,"column":38},"end":{"line":114,"column":44}}]},"21":{"loc":{"start":{"line":116,"column":6},"end":{"line":116,"column":54}},"type":"if","locations":[{"start":{"line":116,"column":6},"end":{"line":116,"column":54}},{"start":{},"end":{}}]},"22":{"loc":{"start":{"line":127,"column":6},"end":{"line":130,"column":7}},"type":"if","locations":[{"start":{"line":127,"column":6},"end":{"line":130,"column":7}},{"start":{},"end":{}}]},"23":{"loc":{"start":{"line":132,"column":6},"end":{"line":132,"column":67}},"type":"if","locations":[{"start":{"line":132,"column":6},"end":{"line":132,"column":67}},{"start":{},"end":{}}]},"24":{"loc":{"start":{"line":145,"column":6},"end":{"line":148,"column":7}},"type":"if","locations":[{"start":{"line":145,"column":6},"end":{"line":148,"column":7}},{"start":{},"end":{}}]}},"s":{"0":0,"1":0,"2":0,"3":0,"4":0,"5":0,"6":0,"7":0,"8":0,"9":0,"10":0,"11":0,"12":0,"13":0,"14":0,"15":0,"16":0,"17":0,"18":0,"19":0,"20":0,"21":0,"22":0,"23":0,"24":0,"25":0,"26":0,"27":0,"28":0,"29":0,"30":0,"31":0,"32":0,"33":0,"34":0,"35":0,"36":0,"37":0,"38":0,"39":0,"40":0,"41":0,"42":0,"43":0,"44":0,"45":0,"46":0,"47":0,"48":0,"49":0,"50":0,"51":0,"52":0,"53":0,"54":0,"55":0,"56":0,"57":0,"58":0,"59":0,"60":0,"61":0,"62":0,"63":0,"64":0,"65":0,"66":0,"67":0,"68":0,"69":0,"70":0,"71":0,"72":0,"73":0,"74":0,"75":0,"76":0,"77":0,"78":0,"79":0,"80":0,"81":0,"82":0,"83":0},"f":{"0":0,"1":0,"2":0,"3":0,"4":0,"5":0,"6":0,"7":0,"8":0,"9":0,"10":0},"b":{"0":[0],"1":[0,0],"2":[0,0],"3":[0,0],"4":[0],"5":[0,0],"6":[0,0],"7":[0,0],"8":[0,0],"9":[0],"10":[0,0],"11":[0,0],"12":[0,0],"13":[0,0],"14":[0,0],"15":[0,0],"16":[0],"17":[0,0],"18":[0,0],"19":[0,0],"20":[0,0],"21":[0,0],"22":[0,0],"23":[0,0],"24":[0,0]}}
}
